Warning[205] /Users/pedroam/Documents/Microcontroladores y microprocesadores/3DWorld.X/clock3.asm 1 : Found directive in column 1. (__CONFIG)
Warning[207] /Users/pedroam/Documents/Microcontroladores y microprocesadores/3DWorld.X/clock3.asm 6 : Found label after column 1. (SEGUNDOSR)
Warning[207] /Users/pedroam/Documents/Microcontroladores y microprocesadores/3DWorld.X/clock3.asm 7 : Found label after column 1. (MINUTOSR)
Warning[207] /Users/pedroam/Documents/Microcontroladores y microprocesadores/3DWorld.X/clock3.asm 8 : Found label after column 1. (HORASR)
Warning[207] /Users/pedroam/Documents/Microcontroladores y microprocesadores/3DWorld.X/clock3.asm 9 : Found label after column 1. (SECL)
Warning[207] /Users/pedroam/Documents/Microcontroladores y microprocesadores/3DWorld.X/clock3.asm 10 : Found label after column 1. (MINL)
Warning[207] /Users/pedroam/Documents/Microcontroladores y microprocesadores/3DWorld.X/clock3.asm 11 : Found label after column 1. (HORL)
Warning[207] /Users/pedroam/Documents/Microcontroladores y microprocesadores/3DWorld.X/clock3.asm 12 : Found label after column 1. (VUELTAS)
Warning[207] /Users/pedroam/Documents/Microcontroladores y microprocesadores/3DWorld.X/clock3.asm 13 : Found label after column 1. (TGIRO)
Warning[207] /Users/pedroam/Documents/Microcontroladores y microprocesadores/3DWorld.X/clock3.asm 14 : Found label after column 1. (CONTHORAS)
Warning[207] /Users/pedroam/Documents/Microcontroladores y microprocesadores/3DWorld.X/clock3.asm 15 : Found label after column 1. (CONTMIN)
Warning[207] /Users/pedroam/Documents/Microcontroladores y microprocesadores/3DWorld.X/clock3.asm 16 : Found label after column 1. (CONTSEC)
Warning[207] /Users/pedroam/Documents/Microcontroladores y microprocesadores/3DWorld.X/clock3.asm 17 : Found label after column 1. (LETREG)
Warning[207] /Users/pedroam/Documents/Microcontroladores y microprocesadores/3DWorld.X/clock3.asm 20 : Found label after column 1. (INICIO)
Message[302] /Users/pedroam/Documents/Microcontroladores y microprocesadores/3DWorld.X/clock3.asm 22 : Register in operand not in bank 0.  Ensure that bank bits are correct.
Warning[207] /Users/pedroam/Documents/Microcontroladores y microprocesadores/3DWorld.X/clock3.asm 35 : Found label after column 1. (RELOJ)
Warning[207] /Users/pedroam/Documents/Microcontroladores y microprocesadores/3DWorld.X/clock3.asm 41 : Found label after column 1. (HPS)
Warning[207] /Users/pedroam/Documents/Microcontroladores y microprocesadores/3DWorld.X/clock3.asm 45 : Found label after column 1. (MPS)
Warning[207] /Users/pedroam/Documents/Microcontroladores y microprocesadores/3DWorld.X/clock3.asm 50 : Found label after column 1. (SPS)
Message[305] /Users/pedroam/Documents/Microcontroladores y microprocesadores/3DWorld.X/clock3.asm 52 : Using default destination of 1 (file).
Message[305] /Users/pedroam/Documents/Microcontroladores y microprocesadores/3DWorld.X/clock3.asm 53 : Using default destination of 1 (file).
Message[305] /Users/pedroam/Documents/Microcontroladores y microprocesadores/3DWorld.X/clock3.asm 57 : Using default destination of 1 (file).
Message[305] /Users/pedroam/Documents/Microcontroladores y microprocesadores/3DWorld.X/clock3.asm 58 : Using default destination of 1 (file).
Message[305] /Users/pedroam/Documents/Microcontroladores y microprocesadores/3DWorld.X/clock3.asm 62 : Using default destination of 1 (file).
Message[305] /Users/pedroam/Documents/Microcontroladores y microprocesadores/3DWorld.X/clock3.asm 63 : Using default destination of 1 (file).
Warning[207] /Users/pedroam/Documents/Microcontroladores y microprocesadores/3DWorld.X/clock3.asm 70 : Found label after column 1. (GIROSEC)
Warning[207] /Users/pedroam/Documents/Microcontroladores y microprocesadores/3DWorld.X/clock3.asm 73 : Found label after column 1. (V)
Message[305] /Users/pedroam/Documents/Microcontroladores y microprocesadores/3DWorld.X/clock3.asm 75 : Using default destination of 1 (file).
Warning[207] /Users/pedroam/Documents/Microcontroladores y microprocesadores/3DWorld.X/clock3.asm 82 : Found label after column 1. (TSOLOGIRO)
Warning[207] /Users/pedroam/Documents/Microcontroladores y microprocesadores/3DWorld.X/clock3.asm 93 : Found label after column 1. (LETANIA)
Warning[207] /Users/pedroam/Documents/Microcontroladores y microprocesadores/3DWorld.X/clock3.asm 96 : Found label after column 1. (LET)
Message[305] /Users/pedroam/Documents/Microcontroladores y microprocesadores/3DWorld.X/clock3.asm 98 : Using default destination of 1 (file).
Warning[207] /Users/pedroam/Documents/Microcontroladores y microprocesadores/3DWorld.X/clock3.asm 101 : Found label after column 1. (T)
Message[305] /Users/pedroam/Documents/Microcontroladores y microprocesadores/3DWorld.X/clock3.asm 102 : Using default destination of 1 (file).
Warning[207] /Users/pedroam/Documents/Microcontroladores y microprocesadores/3DWorld.X/clock3.asm 105 : Found label after column 1. (M)
Message[305] /Users/pedroam/Documents/Microcontroladores y microprocesadores/3DWorld.X/clock3.asm 105 : Using default destination of 1 (file).
Warning[207] /Users/pedroam/Documents/Microcontroladores y microprocesadores/3DWorld.X/clock3.asm 108 : Found label after column 1. (H)
Message[305] /Users/pedroam/Documents/Microcontroladores y microprocesadores/3DWorld.X/clock3.asm 108 : Using default destination of 1 (file).
Warning[207] /Users/pedroam/Documents/Microcontroladores y microprocesadores/3DWorld.X/clock3.asm 111 : Found label after column 1. (DG)
Message[305] /Users/pedroam/Documents/Microcontroladores y microprocesadores/3DWorld.X/clock3.asm 111 : Using default destination of 1 (file).
Warning[207] /Users/pedroam/Documents/Microcontroladores y microprocesadores/3DWorld.X/clock3.asm 115 : Found label after column 1. (OFFSEC)
Warning[207] /Users/pedroam/Documents/Microcontroladores y microprocesadores/3DWorld.X/clock3.asm 121 : Found label after column 1. (OFFMIN)
Warning[207] /Users/pedroam/Documents/Microcontroladores y microprocesadores/3DWorld.X/clock3.asm 127 : Found label after column 1. (OFFHORA)
Warning[205] /Users/pedroam/Documents/Microcontroladores y microprocesadores/3DWorld.X/clock3.asm 133 : Found directive in column 1. (END)
