MPASM 5.71  /USERS/PEDROAM/DOCUMENTS/MICROCO   3-28-2017  12:00:06         PAGE  1


LOC  OBJECT CODE     LINE SOURCE TEXT
  VALUE

2007   3FF1           00001     __CONFIG _CP_OFF & _WDT_OFF & _PWRTE_ON & _XT_OSC
                      00002     LIST P=16F84A
                      00003     INCLUDE <P16F84.INC>
                      00001         LIST
                      00002 
                      00003 ;==========================================================================
                      00004 ; Build date : Nov 17 2016
                      00005 ;  MPASM PIC16F84 processor include
                      00006 ; 
                      00007 ;  (c) Copyright 1999-2016 Microchip Technology, All rights reserved
                      00008 ;==========================================================================
                      00009 
Message[301]: MESSAGE: (Processor-header file mismatch.  Verify selected processor.)
                      00207         LIST
                      00004     
                      00005     ORG 0
                      00006     
                      00007    
  0000000C            00008 UNIDADES_SEGUNDOS   EQU 0X0C
  0000000D            00009 DECENAS_SEGUNDOS    EQU 0X0D
  0000000E            00010 UNIDADES_MINUTOS    EQU 0X0E
  0000000F            00011 DECENAS_MINUTOS     EQU 0X0F
  00000010            00012 CONTSU              EQU 0X10
  00000011            00013 CONTSD              EQU 0X11
  00000012            00014 CONTMU              EQU 0X12
  00000013            00015 CONTMD              EQU 0X13
  00000014            00016 RealT1              EQU 0X14
  00000015            00017 RealT2              EQU 0X15
  00000016            00018 RealT3              EQU 0X16
  00000017            00019 RCOM                EQU 0X17
                      00020         
0000                  00021 INICIO
0000   1683           00022         BSF     STATUS,RP0
Message[302]: Register in operand not in bank 0.  Ensure that bank bits are correct.
0001   0186           00023         CLRF    TRISB
Message[302]: Register in operand not in bank 0.  Ensure that bank bits are correct.
0002   0185           00024         CLRF    TRISA
0003   1283           00025         BCF     STATUS,RP0
                      00026         
0004   018C           00027         CLRF    UNIDADES_SEGUNDOS
0005   018E           00028         CLRF    UNIDADES_MINUTOS
0006   018D           00029         CLRF    DECENAS_SEGUNDOS
0007   018F           00030         CLRF    DECENAS_MINUTOS
                      00031         
0008                  00032 RELOJ
0008   3006           00033         MOVLW   D'6'
0009   0093           00034         MOVWF   CONTMD
000A   018F           00035         CLRF    DECENAS_MINUTOS
000B                  00036 RA
000B   3009           00037         MOVLW   D'9'
000C   0092           00038         MOVWF   CONTMU
000D   018E           00039         CLRF    UNIDADES_MINUTOS
Warning[207]: Found label after column 1. (RB)
MPASM 5.71  /USERS/PEDROAM/DOCUMENTS/MICROCO   3-28-2017  12:00:06         PAGE  2


LOC  OBJECT CODE     LINE SOURCE TEXT
  VALUE

000E                  00040     RB
000E   3006           00041         MOVLW   D'6'
000F   0091           00042         MOVWF   CONTSD
0010   018D           00043         CLRF    DECENAS_SEGUNDOS
Warning[207]: Found label after column 1. (RC)
0011                  00044     RC
0011   3009           00045         MOVLW   D'9'
0012   0090           00046         MOVWF   CONTSU
0013   018C           00047         CLRF    UNIDADES_SEGUNDOS
Warning[207]: Found label after column 1. (DECS)
0014                  00048     DECS
                      00049         
Message[305]: Using default destination of 1 (file).
0014   0A8C           00050         INCF    UNIDADES_SEGUNDOS
0015   2???           00051         CALL    shineForASecond
Message[305]: Using default destination of 1 (file).
0016   0B90           00052         DECFSZ  CONTSU
0017   2???           00053         GOTO    DECS
Message[305]: Using default destination of 1 (file).
0018   0A8D           00054         INCF    DECENAS_SEGUNDOS
0019   2???           00055         CALL    shineForASecond
Message[305]: Using default destination of 1 (file).
001A   0B91           00056         DECFSZ  CONTSD
001B   2???           00057         GOTO    RC
Message[305]: Using default destination of 1 (file).
001C   0A8E           00058         INCF    UNIDADES_MINUTOS
001D   2???           00059         CALL    shineForASecond
Message[305]: Using default destination of 1 (file).
001E   0B92           00060         DECFSZ  CONTMU
Message[305]: Using default destination of 1 (file).
001F   0A8F           00061         INCF    DECENAS_MINUTOS
0020   2???           00062         CALL    shineForASecond
0021   2???           00063         GOTO    RB
Message[305]: Using default destination of 1 (file).
0022   0B93           00064         DECFSZ  CONTMD
0023   2???           00065         GOTO    RA
0024   2???           00066         GOTO    RELOJ
                      00067 
0025                  00068 shineForASecond
0025   306D           00069         MOVLW   D'109'
0026   0094           00070         MOVWF   RealT1
0027                  00071 TA
0027   30EB           00072         MOVLW   D'235'
0028   0095           00073         MOVWF   RealT2
0029                  00074 TB
                      00075 ;       MOVLW   D'100'
                      00076 ;       MOVWF   RealT3
                      00077 ;    TC
0029   301E           00078         MOVLW   B'11110'
002A   0085           00079         MOVWF   PORTA
002B   080C           00080         MOVF    UNIDADES_SEGUNDOS,0
002C   2???           00081         CALL    BCDa7S
002D   0097           00082         MOVWF   RCOM
MPASM 5.71  /USERS/PEDROAM/DOCUMENTS/MICROCO   3-28-2017  12:00:06         PAGE  3


LOC  OBJECT CODE     LINE SOURCE TEXT
  VALUE

002E   0917           00083         COMF    RCOM,0
002F   0086           00084         MOVWF   PORTB
0030   301D           00085         MOVLW   B'11101'
0031   0085           00086         MOVWF   PORTA
0032   080D           00087         MOVF    DECENAS_SEGUNDOS,0
0033   2???           00088         CALL    BCDa7S
0034   0097           00089         MOVWF   RCOM
0035   0917           00090         COMF    RCOM,0
0036   0086           00091         MOVWF   PORTB
0037   301B           00092         MOVLW   B'11011'
0038   0085           00093         MOVWF   PORTA
0039   080E           00094         MOVF    UNIDADES_MINUTOS,0
003A   2???           00095         CALL    BCDa7S
003B   0086           00096         MOVWF   PORTB
003C   3017           00097         MOVLW   B'10111'
003D   0085           00098         MOVWF   PORTA
003E   080F           00099         MOVF    DECENAS_MINUTOS,0
003F   2???           00100         CALL    BCDa7S
0040   0086           00101         MOVWF   PORTB
                      00102         ;DECFSZ RealT3
                      00103         ;GOTO   TC
Message[305]: Using default destination of 1 (file).
0041   0B95           00104         DECFSZ  RealT2
0042   2???           00105         GOTO    TB
Message[305]: Using default destination of 1 (file).
0043   0B94           00106         DECFSZ  RealT1
0044   2???           00107         GOTO    TA
0045   0008           00108         RETURN
                      00109         
0046                  00110 BCDa7S
0046   0782           00111     ADDWF   PCL,F
0047   34FC           00112     RETLW   h'fc';0
0048   3460           00113     RETLW   h'60';1
0049   34DA           00114     RETLW   h'DA';2
004A   34F2           00115     RETLW   h'F2';3
004B   3466           00116     RETLW   h'66';4
004C   34B6           00117     RETLW   h'B6';5
004D   34BE           00118     RETLW   h'BE';6
004E   34E0           00119     RETLW   h'E0';7
004F   34FE           00120     RETLW   h'FE';8
0050   34F6           00121     RETLW   h'F6';9
0051   0008           00122     RETURN
                      00123                 
Warning[205]: Found directive in column 1. (END)
3FF1                  00124 END
MPASM 5.71  /USERS/PEDROAM/DOCUMENTS/MICROCO   3-28-2017  12:00:06         PAGE  4


SYMBOL TABLE
  LABEL                             VALUE 

BCDa7S                            00000046
C                                 00000000
CONTMD                            00000013
CONTMU                            00000012
CONTSD                            00000011
CONTSU                            00000010
DC                                00000001
DECENAS_MINUTOS                   0000000F
DECENAS_SEGUNDOS                  0000000D
DECS                              00000014
EEADR                             00000009
EECON1                            00000088
EECON2                            00000089
EEDATA                            00000008
EEIE                              00000006
EEIF                              00000004
F                                 00000001
FSR                               00000004
GIE                               00000007
INDF                              00000000
INICIO                            00000000
INTCON                            0000000B
INTE                              00000004
INTEDG                            00000006
INTF                              00000001
IRP                               00000007
NOT_PD                            00000003
NOT_RBPU                          00000007
NOT_TO                            00000004
OPTION_REG                        00000081
PCL                               00000002
PCLATH                            0000000A
PORTA                             00000005
PORTB                             00000006
PS0                               00000000
PS1                               00000001
PS2                               00000002
PSA                               00000003
RA                                0000000B
RA0                               00000000
RA1                               00000001
RA2                               00000002
RA3                               00000003
RA4                               00000004
RB                                0000000E
RB0                               00000000
RB1                               00000001
RB2                               00000002
RB3                               00000003
RB4                               00000004
RB5                               00000005
RB6                               00000006
RB7                               00000007
MPASM 5.71  /USERS/PEDROAM/DOCUMENTS/MICROCO   3-28-2017  12:00:06         PAGE  5


SYMBOL TABLE
  LABEL                             VALUE 

RBIE                              00000003
RBIF                              00000000
RC                                00000011
RCOM                              00000017
RD                                00000000
RELOJ                             00000008
RP0                               00000005
RP1                               00000006
RealT1                            00000014
RealT2                            00000015
RealT3                            00000016
STATUS                            00000003
T0CS                              00000005
T0IE                              00000005
T0IF                              00000002
T0SE                              00000004
TA                                00000027
TB                                00000029
TMR0                              00000001
TMR0IE                            00000005
TMR0IF                            00000002
TRISA                             00000085
TRISA0                            00000000
TRISA1                            00000001
TRISA2                            00000002
TRISA3                            00000003
TRISA4                            00000004
TRISB                             00000086
TRISB0                            00000000
TRISB1                            00000001
TRISB2                            00000002
TRISB3                            00000003
TRISB4                            00000004
TRISB5                            00000005
TRISB6                            00000006
TRISB7                            00000007
UNIDADES_MINUTOS                  0000000E
UNIDADES_SEGUNDOS                 0000000C
W                                 00000000
WR                                00000001
WREN                              00000002
WRERR                             00000003
Z                                 00000002
_CONFIG                           00002007
_CP_OFF                           00003FFF
_CP_ON                            0000000F
_FOSC_EXTRC                       00003FFF
_FOSC_HS                          00003FFE
_FOSC_LP                          00003FFC
_FOSC_XT                          00003FFD
_HS_OSC                           00003FFE
_IDLOC0                           00002000
_IDLOC1                           00002001
MPASM 5.71  /USERS/PEDROAM/DOCUMENTS/MICROCO   3-28-2017  12:00:06         PAGE  6


SYMBOL TABLE
  LABEL                             VALUE 

_IDLOC2                           00002002
_IDLOC3                           00002003
_LP_OSC                           00003FFC
_PWRTE_OFF                        00003FFF
_PWRTE_ON                         00003FF7
_RC_OSC                           00003FFF
_WDTE_OFF                         00003FFB
_WDTE_ON                          00003FFF
_WDT_OFF                          00003FFB
_WDT_ON                           00003FFF
_XT_OSC                           00003FFD
__16F84A                          00000001
__DEBUG                           
__MPLAB_DEBUGGER_SIMULATOR        1
shineForASecond                   00000025

Errors   :     0
Warnings :     4 reported,     0 suppressed
Messages :    13 reported,     0 suppressed

