MPASM 5.71  /USERS/PEDROAM/DOCUMENTS/MICROCO   3-14-2017  22:48:27         PAGE  1


LOC  OBJECT CODE     LINE SOURCE TEXT
  VALUE

2007   3FF1           00001     __CONFIG _CP_OFF & _WDT_OFF & _PWRTE_ON & _XT_OSC
                      00002     LIST P=16F84A
                      00003     INCLUDE <P16F84A.INC>
                      00001         LIST
                      00002 
                      00003 ;==========================================================================
                      00004 ; Build date : Nov 17 2016
                      00005 ;  MPASM PIC16F84A processor include
                      00006 ; 
                      00007 ;  (c) Copyright 1999-2016 Microchip Technology, All rights reserved
                      00008 ;==========================================================================
                      00009 
                      00209         LIST
                      00004     ORG 0
                      00005     
  0000000F            00006 CONT    EQU     0X0F
  00000011            00007 CONT2   EQU     0X11
  00000012            00008 CONT3   EQU     0X12
  0000000C            00009 REGA    EQU     0X0C
  0000000D            00010 REGB    EQU     0X0D
  0000000E            00011 REGCOM  EQU     0X0E
  00000013            00012 REGSA   EQU     0X13
                      00013     
0000                  00014 INICIO 
                      00015             
0000   1683           00016         BSF     STATUS,RP0
Message[302]: Register in operand not in bank 0.  Ensure that bank bits are correct.
0001   0185           00017         CLRF    TRISA
Message[302]: Register in operand not in bank 0.  Ensure that bank bits are correct.
0002   0186           00018         CLRF    TRISB
0003   1283           00019         BCF     STATUS,RP0
                      00020                     
0004                  00021 PRIN
                      00022         
0004   301E           00023         MOVLW   B'11110'
0005   0085           00024         MOVWF   PORTA
0006   3001           00025         MOVLW   B'00000001'
0007   008C           00026         MOVWF   REGA
0008   3080           00027         MOVLW   B'10000000'
0009   008D           00028         MOVWF   REGB
000A   3001           00029         MOVLW   B'00000001'
000B   008E           00030         MOVWF   REGCOM
000C   301E           00031         MOVLW   B'11110'
000D   0093           00032         MOVWF   REGSA
                      00033 
                      00034         
000E                  00035 CODIGUIN
000E   2???           00036         CALL    FOOLISH;TENOMOS QUE ALTERNAR EL JUEGO DE LEDS POR LO MENOS 60 VECES EN UN SEGUNDO
000F   2???           00037         CALL    MOVA;MOVEMOS DOS VECES A POR CADA VEZ QUE MOVEMOS B
0010   2???           00038         CALL    FOOLISH
0011   2???           00039         CALL    MOVB
0012   2???           00040         CALL    FOOLISH
0013   2???           00041         CALL    MOVA
MPASM 5.71  /USERS/PEDROAM/DOCUMENTS/MICROCO   3-14-2017  22:48:27         PAGE  2


LOC  OBJECT CODE     LINE SOURCE TEXT
  VALUE

0014   2???           00042         GOTO    CODIGUIN
                      00043         
0015                  00044 TIME
0015   30FA           00045         MOVLW   D'250';250TENEMOS UNA RUTINA DE TIEMPO DE APROXIMADAMENTE 2/60 DE SEGUNDO
0016   008F           00046         MOVWF   CONT
0017                  00047 TA
0017   300A           00048         MOVLW   D'10';10
0018   0091           00049         MOVWF   CONT2
0019                  00050 TB      
Message[305]: Using default destination of 1 (file).
0019   0B91           00051         DECFSZ  CONT2
001A   2???           00052         GOTO    TB
Message[305]: Using default destination of 1 (file).
001B   0B8F           00053         DECFSZ  CONT
001C   2???           00054         GOTO    TA
001D   0008           00055         RETURN
                      00056     
001E                  00057 MOVA 
001E   1B8C           00058         BTFSC   REGA,7; DE JUEGO DE LED
001F   2???           00059         CALL    MOVJLEDA
0020   1B8C           00060         BTFSC   REGA,7
0021   2???           00061         GOTO    RESA
0022   0D8C           00062         RLF     REGA,1;EL MOVA NOS SIRVE PARA MOVER A Y SI EL REGISTRO YA ALCANZO SU POSICION FINAL CAMB
                            IAMOS
0023   2???           00063         GOTO    RMA
0024                  00064 RESA
0024   3001           00065         MOVLW   B'00000001'
0025   008C           00066         MOVWF   REGA
0026                  00067 RMA
0026   0008           00068         RETURN
                      00069         
0027                  00070 MOVB
0027   1B8D           00071         BTFSC   REGB,7; DE JUEGO DE LED
0028   2???           00072         GOTO    RESB
0029   0D8D           00073         RLF     REGB,1;MOVEMOS EL REGISTRO B
002A   2???           00074         GOTO    RMB
002B                  00075 RESB
002B   3001           00076         MOVLW   B'00000001'
002C   008D           00077         MOVWF   REGB
002D                  00078 RMB
002D   0008           00079         RETURN
                      00080 
002E                  00081 PRA
002E   080C           00082         MOVF    REGA,0;MOSTRAMOS EL REGISTRO A
002F   0086           00083         MOVWF   PORTB
0030   0008           00084         RETURN
                      00085 
0031                  00086 PRB
0031   080D           00087         MOVF    REGB,0;MOSTRAMOS EL REGISTRO B
0032   0086           00088         MOVWF   PORTB
0033   0008           00089         RETURN
                      00090         
0034                  00091 MOVJLEDA
MPASM 5.71  /USERS/PEDROAM/DOCUMENTS/MICROCO   3-14-2017  22:48:27         PAGE  3


LOC  OBJECT CODE     LINE SOURCE TEXT
  VALUE

                      00092         
0034   180E           00093         BTFSC   REGCOM,0;EN EL REGISTRO COMPLEMENTARIO SOLO SE NECESITA DOS POSICIONES
0035   2???           00094         GOTO    ALGO2
0036   3001           00095         MOVLW   B'00000001'
0037   008E           00096         MOVWF   REGCOM
0038   301E           00097         MOVLW   B'11110'
0039   0093           00098         MOVWF   REGSA
003A   2???           00099         GOTO    RE
                      00100         
003B                  00101 ALGO2
003B   3002           00102         MOVLW   B'00000010'
003C   008E           00103         MOVWF   REGCOM
003D   301D           00104         MOVLW   B'11101'
003E   0093           00105         MOVWF   REGSA
003F                  00106 RE
003F   0008           00107         RETURN
                      00108         
0040                  00109 SHOWLEDB
0040   301B           00110         MOVLW   B'11011';ENCENDEMOS LOS LED B
0041   0085           00111         MOVWF   PORTA
0042   0008           00112         RETURN
                      00113 
0043                  00114 SHOWLEDA
0043   0813           00115         MOVF    REGSA,0;ENCENDEMOS LOS LED B
0044   0085           00116         MOVWF   PORTA
0045   0008           00117         RETURN
                      00118 
                      00119         
0046                  00120 FOOLISH
0046   300A           00121         MOVLW   D'10';LA RUTINA TONTO ENGAÑA LOS OJOS PUES ENCIENDE Y APAGA LOS
0047   0092           00122         MOVWF   CONT3;LED DE A Y B APROXIMADAMENTE 1/6 VECES EN UN SEGUNDO
                      00123 
0048                  00124 LEDITSHINE
0048   2???           00125         CALL    SHOWLEDA
0049   2???           00126         CALL    PRA
004A   2???           00127         CALL    TIME
004B   2???           00128         CALL    SHOWLEDB
004C   2???           00129         CALL    PRB
004D   2???           00130         CALL    TIME
Message[305]: Using default destination of 1 (file).
004E   0B92           00131         DECFSZ  CONT3
004F   2???           00132         GOTO    LEDITSHINE
0050   0008           00133         RETURN
                      00134         
3FF1                  00135     END
MPASM 5.71  /USERS/PEDROAM/DOCUMENTS/MICROCO   3-14-2017  22:48:27         PAGE  4


SYMBOL TABLE
  LABEL                             VALUE 

ALGO2                             0000003B
C                                 00000000
CODIGUIN                          0000000E
CONT                              0000000F
CONT2                             00000011
CONT3                             00000012
DC                                00000001
EEADR                             00000009
EECON1                            00000088
EECON2                            00000089
EEDATA                            00000008
EEIE                              00000006
EEIF                              00000004
F                                 00000001
FOOLISH                           00000046
FSR                               00000004
GIE                               00000007
INDF                              00000000
INICIO                            00000000
INTCON                            0000000B
INTE                              00000004
INTEDG                            00000006
INTF                              00000001
IRP                               00000007
LEDITSHINE                        00000048
MOVA                              0000001E
MOVB                              00000027
MOVJLEDA                          00000034
NOT_PD                            00000003
NOT_RBPU                          00000007
NOT_TO                            00000004
OPTION_REG                        00000081
PCL                               00000002
PCLATH                            0000000A
PORTA                             00000005
PORTB                             00000006
PRA                               0000002E
PRB                               00000031
PRIN                              00000004
PS0                               00000000
PS1                               00000001
PS2                               00000002
PSA                               00000003
RA0                               00000000
RA1                               00000001
RA2                               00000002
RA3                               00000003
RA4                               00000004
RB0                               00000000
RB1                               00000001
RB2                               00000002
RB3                               00000003
RB4                               00000004
MPASM 5.71  /USERS/PEDROAM/DOCUMENTS/MICROCO   3-14-2017  22:48:27         PAGE  5


SYMBOL TABLE
  LABEL                             VALUE 

RB5                               00000005
RB6                               00000006
RB7                               00000007
RBIE                              00000003
RBIF                              00000000
RD                                00000000
RE                                0000003F
REGA                              0000000C
REGB                              0000000D
REGCOM                            0000000E
REGSA                             00000013
RESA                              00000024
RESB                              0000002B
RMA                               00000026
RMB                               0000002D
RP0                               00000005
RP1                               00000006
SHOWLEDA                          00000043
SHOWLEDB                          00000040
STATUS                            00000003
T0CS                              00000005
T0IE                              00000005
T0IF                              00000002
T0SE                              00000004
TA                                00000017
TB                                00000019
TIME                              00000015
TMR0                              00000001
TMR0IE                            00000005
TMR0IF                            00000002
TRISA                             00000085
TRISA0                            00000000
TRISA1                            00000001
TRISA2                            00000002
TRISA3                            00000003
TRISA4                            00000004
TRISB                             00000086
TRISB0                            00000000
TRISB1                            00000001
TRISB2                            00000002
TRISB3                            00000003
TRISB4                            00000004
TRISB5                            00000005
TRISB6                            00000006
TRISB7                            00000007
W                                 00000000
WR                                00000001
WREN                              00000002
WRERR                             00000003
Z                                 00000002
_CONFIG                           00002007
_CP_OFF                           00003FFF
_CP_ON                            0000000F
MPASM 5.71  /USERS/PEDROAM/DOCUMENTS/MICROCO   3-14-2017  22:48:27         PAGE  6


SYMBOL TABLE
  LABEL                             VALUE 

_DEVID1                           00002006
_FOSC_EXTRC                       00003FFF
_FOSC_HS                          00003FFE
_FOSC_LP                          00003FFC
_FOSC_XT                          00003FFD
_HS_OSC                           00003FFE
_IDLOC0                           00002000
_IDLOC1                           00002001
_IDLOC2                           00002002
_IDLOC3                           00002003
_LP_OSC                           00003FFC
_PWRTE_OFF                        00003FFF
_PWRTE_ON                         00003FF7
_RC_OSC                           00003FFF
_WDTE_OFF                         00003FFB
_WDTE_ON                          00003FFF
_WDT_OFF                          00003FFB
_WDT_ON                           00003FFF
_XT_OSC                           00003FFD
__16F84A                          00000001
__DEBUG                           
__MPLAB_DEBUGGER_SIMULATOR        1

Errors   :     0
Warnings :     0 reported,     0 suppressed
Messages :     5 reported,     0 suppressed

