MPASM 5.71  /USERS/PEDROAM/DOCUMENTS/MICROCO   5-19-2017  9:25:09         PAGE  1


LOC  OBJECT CODE     LINE SOURCE TEXT
  VALUE

Warning[205]: Found directive in column 1. (__CONFIG)
2007   28E4           00001 __CONFIG    _CONFIG1, _LVP_OFF & _FCMEN_ON & _IESO_OFF & _BOR_OFF & _CPD_OFF & _CP_OFF & _MCLRE_ON & _PW
                            RTE_ON & _WDT_OFF & _INTRC_OSC_NOCLKOUT
2008   3EFF           00002     __CONFIG    _CONFIG2, _WRT_OFF & _BOR21V
                      00003     LIST P=16F887
                      00004     INCLUDE <P16F887.INC>
                      00001         LIST
                      00002 
                      00003 ;==========================================================================
                      00004 ; Build date : Nov 17 2016
                      00005 ;  MPASM PIC16F887 processor include
                      00006 ; 
                      00007 ;  (c) Copyright 1999-2016 Microchip Technology, All rights reserved
                      00008 ;==========================================================================
                      00009 
                      00810         LIST
                      00005     ORG 0
                      00006     
  00000020            00007 COLUM   EQU 0X20
  00000021            00008 ROW     EQU 0X21
  00000022            00009 CEROP   EQU 0X22
  00000023            00010 CONTC   EQU 0X23
  00000024            00011 CONTMOS EQU 0X24
  00000025            00012 JUSTC   EQU 0X25
  00000026            00013 CONT    EQU 0X26
  00000027            00014 CONT2   EQU 0X27
  00000028            00015 CONT3   EQU 0X28
                      00016     
0000                  00017 INICIO 
                      00018             
0000   1683           00019         BSF     STATUS,RP0
0001   300F           00020         MOVLW   B'00001111'
Message[302]: Register in operand not in bank 0.  Ensure that bank bits are correct.
0002   1381           00021         BCF     OPTION_REG,NOT_RBPU
Message[302]: Register in operand not in bank 0.  Ensure that bank bits are correct.
0003   0086           00022         MOVWF   TRISB
Message[302]: Register in operand not in bank 0.  Ensure that bank bits are correct.
0004   0185           00023         CLRF    TRISA
Message[302]: Register in operand not in bank 0.  Ensure that bank bits are correct.
0005   0188           00024         CLRF    TRISD
Message[302]: Register in operand not in bank 0.  Ensure that bank bits are correct.
0006   0187           00025         CLRF    TRISC
0007   1283           00026         BCF     STATUS,RP0
                      00027         
0008                  00028 LCDSTART
Message[302]: Register in operand not in bank 0.  Ensure that bank bits are correct.
0008   0185           00029         CLRF    TRISA
Message[302]: Register in operand not in bank 0.  Ensure that bank bits are correct.
0009   0188           00030         CLRF    TRISD
Message[302]: Register in operand not in bank 0.  Ensure that bank bits are correct.
000A   0187           00031         CLRF    TRISC
Message[302]: Register in operand not in bank 0.  Ensure that bank bits are correct.
000B   0186           00032         CLRF    TRISB
MPASM 5.71  /USERS/PEDROAM/DOCUMENTS/MICROCO   5-19-2017  9:25:09         PAGE  2


LOC  OBJECT CODE     LINE SOURCE TEXT
  VALUE

000C   2???           00033         CALL    ENCENDERLCD
000D   2???           00034         CALL    TIEMPO30MS
000E   2???           00035         CALL    MODODEOPERACION
000F   2???           00036         CALL    TIEMPO39uS
0010                  00037 BORRA
0010   2???           00038         CALL    BORRARLCD
0011   2???           00039         CALL    TIEMPO1_52MS
0012                  00040 LCDWRITE
0012   2???           00041         CALL    CURSORACASA
0013   2???           00042         CALL    TIEMPO1_52MS
0014   2???           00043         CALL    STARTWRITE
                      00044         
0015   304C           00045         MOVLW   B'01001100';L
0016   0088           00046         MOVWF   PORTD
0017   2???           00047         CALL    STARTWRITE
0018   304F           00048         MOVLW   B'01001111';O
0019   0088           00049         MOVWF   PORTD
001A   2???           00050         CALL    STARTWRITE
001B   3056           00051         MOVLW   B'01010110';V
001C   0088           00052         MOVWF   PORTD
001D   2???           00053         CALL    STARTWRITE
001E   3045           00054         MOVLW   B'01000101';E
001F   0088           00055         MOVWF   PORTD
0020   2???           00056         CALL    STARTWRITE
0021   3020           00057         MOVLW   B'00100000';_
0022   0088           00058         MOVWF   PORTD
0023   2???           00059         CALL    STARTWRITE
0024   304C           00060         MOVLW   B'01001100';L
0025   0088           00061         MOVWF   PORTD
0026   2???           00062         CALL    STARTWRITE
0027   304F           00063         MOVLW   B'01001111';O
0028   0088           00064         MOVWF   PORTD
0029   2???           00065         CALL    STARTWRITE
002A   3056           00066         MOVLW   B'01010110';V
002B   0088           00067         MOVWF   PORTD
002C   2???           00068         CALL    STARTWRITE
002D   3045           00069         MOVLW   B'01000101';E
002E   0088           00070         MOVWF   PORTD
002F   2???           00071         CALL    STARTWRITE
0030   3053           00072         MOVLW   B'01010011';S
0031   0088           00073         MOVWF   PORTD
0032   2???           00074         CALL    STARTWRITE
0033   3020           00075         MOVLW   B'00100000';_
0034   0088           00076         MOVWF   PORTD
                      00077         
                      00078         
0035   2???           00079         CALL    CURSORACASA
0036   2???           00080         CALL    T3SECS
                      00081         
0037   2???           00082         CALL    STARTWRITE
0038   3054           00083         MOVLW   B'01010100';T
0039   0088           00084         MOVWF   PORTD
003A   2???           00085         CALL    STARTWRITE
MPASM 5.71  /USERS/PEDROAM/DOCUMENTS/MICROCO   5-19-2017  9:25:09         PAGE  3


LOC  OBJECT CODE     LINE SOURCE TEXT
  VALUE

003B   304F           00086         MOVLW   B'01001111';O
003C   0088           00087         MOVWF   PORTD
003D   2???           00088         CALL    STARTWRITE
003E   3020           00089         MOVLW   B'00100000';_
003F   0088           00090         MOVWF   PORTD
                      00091         
                      00092         
                      00093         
0040   2???           00094         CALL    STARTWRITE
0041   304C           00095         MOVLW   B'01001100';L
0042   0088           00096         MOVWF   PORTD
0043   2???           00097         CALL    STARTWRITE
0044   304F           00098         MOVLW   B'01001111';O
0045   0088           00099         MOVWF   PORTD
0046   2???           00100         CALL    STARTWRITE
0047   3056           00101         MOVLW   B'01010110';V
0048   0088           00102         MOVWF   PORTD
0049   2???           00103         CALL    STARTWRITE
004A   3045           00104         MOVLW   B'01000101';E
004B   0088           00105         MOVWF   PORTD
004C   2???           00106         CALL    STARTWRITE
004D   3020           00107         MOVLW   B'00100000';_
004E   0088           00108         MOVWF   PORTD
                      00109         
004F   2???           00110         CALL    STARTWRITE
0050   304C           00111         MOVLW   B'01001100';L
0051   0088           00112         MOVWF   PORTD
0052   2???           00113         CALL    STARTWRITE
0053   304F           00114         MOVLW   B'01001111';O
0054   0088           00115         MOVWF   PORTD
0055   2???           00116         CALL    STARTWRITE
0056   3056           00117         MOVLW   B'01010110';V
0057   0088           00118         MOVWF   PORTD
0058   2???           00119         CALL    STARTWRITE
0059   3045           00120         MOVLW   B'01000101';E
005A   0088           00121         MOVWF   PORTD
                      00122         
005B   2???           00123         CALL    STARTWRITE
005C   302E           00124         MOVLW   B'00101110';.
005D   0088           00125         MOVWF   PORTD
005E   2???           00126         CALL    T3SECS
005F   2???           00127         GOTO    BORRA 
                      00128 
0060                  00129 ELIMINADOR21MS
                      00130         
0060   30FA           00131         MOVLW   D'250' ;TENEMOS UNA RUTINA DE TIEMPO DE DE 8.31 MICRO SEGUNDO CUANDO VARTIME ES 9
0061   00A6           00132         MOVWF   CONT
0062                  00133 TA
0062   301B           00134         MOVLW   D'27'
0063   00A7           00135         MOVWF   CONT2
0064                  00136 TC
Message[305]: Using default destination of 1 (file).
0064   0BA7           00137         DECFSZ  CONT2
MPASM 5.71  /USERS/PEDROAM/DOCUMENTS/MICROCO   5-19-2017  9:25:09         PAGE  4


LOC  OBJECT CODE     LINE SOURCE TEXT
  VALUE

0065   2???           00138         GOTO    TC
Message[305]: Using default destination of 1 (file).
0066   0BA6           00139         DECFSZ  CONT
0067   2???           00140         GOTO    TA
0068   0008           00141         RETURN
                      00142         
0069                  00143 TIEMPO30MS
0069   30FA           00144         MOVLW   D'250' ;TENEMOS UNA RUTINA DE TIEMPO DE DE 8.31 MICRO SEGUNDO CUANDO VARTIME ES 9
006A   00A6           00145         MOVWF   CONT
006B                  00146 TA30
006B   3027           00147         MOVLW   D'39'
006C   00A7           00148         MOVWF   CONT2
006D                  00149 TC30
Message[305]: Using default destination of 1 (file).
006D   0BA7           00150         DECFSZ  CONT2
006E   2???           00151         GOTO    TC30
Message[305]: Using default destination of 1 (file).
006F   0BA6           00152         DECFSZ  CONT
0070   2???           00153         GOTO    TA30
0071   0008           00154         RETURN
                      00155         
0072                  00156 TIEMPO39uS
0072   3000           00157         MOVLW   D'0' ;TENEMOS UNA RUTINA DE TIEMPO DE DE 8.31 MICRO SEGUNDO CUANDO VARTIME ES 9
0073   00A6           00158         MOVWF   CONT
0074                  00159 TA39
0074   300D           00160         MOVLW   D'13'
0075   00A7           00161         MOVWF   CONT2
0076                  00162 TC39
Message[305]: Using default destination of 1 (file).
0076   0BA7           00163         DECFSZ  CONT2
0077   2???           00164         GOTO    TC39
Message[305]: Using default destination of 1 (file).
0078   0BA6           00165         DECFSZ  CONT
0079   2???           00166         GOTO    TA39
007A   0008           00167         RETURN
                      00168 
007B                  00169 TIEMPO1_52MS
007B   30FE           00170         MOVLW   D'254' ;TENEMOS UNA RUTINA DE TIEMPO DE DE 8.31 MICRO SEGUNDO CUANDO VARTIME ES 9
007C   00A6           00171         MOVWF   CONT
007D                  00172 TA15
007D   3001           00173         MOVLW   D'1'
007E   00A7           00174         MOVWF   CONT2
007F                  00175 TC15
Message[305]: Using default destination of 1 (file).
007F   0BA7           00176         DECFSZ  CONT2
0080   2???           00177         GOTO    TC15
Message[305]: Using default destination of 1 (file).
0081   0BA6           00178         DECFSZ  CONT
0082   2???           00179         GOTO    TA15
0083   0008           00180         RETURN
                      00181         
0084                  00182 T3SECS
0084   30FA           00183         MOVLW   D'250' ;TENEMOS UNA RUTINA DE TIEMPO DE DE 3 SEGUNDO CUANDO VARTIME ES 9
MPASM 5.71  /USERS/PEDROAM/DOCUMENTS/MICROCO   5-19-2017  9:25:09         PAGE  5


LOC  OBJECT CODE     LINE SOURCE TEXT
  VALUE

0085   00A6           00184         MOVWF   CONT
0086                  00185 TA3S
0086   3081           00186         MOVLW   D'129'
0087   00A7           00187         MOVWF   CONT2
0088                  00188 TB3S
0088   301E           00189         MOVLW   D'30'
0089   00A8           00190         MOVWF   CONT3
008A                  00191 TC3S
Message[305]: Using default destination of 1 (file).
008A   0BA8           00192         DECFSZ  CONT3
008B   2???           00193         GOTO    TC3S
Message[305]: Using default destination of 1 (file).
008C   0BA7           00194         DECFSZ  CONT2
008D   2???           00195         GOTO    TB3S
Message[305]: Using default destination of 1 (file).
008E   0BA6           00196         DECFSZ  CONT
008F   2???           00197         GOTO    TA3S
0090   0008           00198         RETURN
                      00199         
0091                  00200 MODODEOPERACION
0091   3000           00201         MOVLW   B'00000000'
0092   0087           00202         MOVWF   PORTC
0093   3006           00203         MOVLW   B'00000110'
0094   0088           00204         MOVWF   PORTD
0095   1507           00205         BSF     PORTC,2
0096   2???           00206         CALL    TIEMPO30MS
0097   1107           00207         BCF     PORTC,2
0098   0008           00208         RETURN
                      00209         
0099                  00210 ENCENDERLCD
0099   3000           00211         MOVLW   B'00000000'
009A   0087           00212         MOVWF   PORTC
009B   300C           00213         MOVLW   B'00001100'
009C   0088           00214         MOVWF   PORTD
009D   1507           00215         BSF     PORTC,2
009E   2???           00216         CALL    TIEMPO30MS
009F   1107           00217         BCF     PORTC,2
00A0   0008           00218         RETURN
00A1                  00219 BORRARLCD
00A1   3000           00220         MOVLW   B'00000000'
00A2   0087           00221         MOVWF   PORTC
00A3   3001           00222         MOVLW   D'1'
00A4   0088           00223         MOVWF   PORTD
                      00224         
                      00225         
00A5   1507           00226         BSF     PORTC,2
00A6   2???           00227         CALL    TIEMPO30MS
00A7   1107           00228         BCF     PORTC,2
00A8   0008           00229         RETURN
00A9                  00230 CURSORACASA
00A9   3000           00231         MOVLW   B'00000000'
00AA   0087           00232         MOVWF   PORTC
00AB   3002           00233         MOVLW   B'00000010'
MPASM 5.71  /USERS/PEDROAM/DOCUMENTS/MICROCO   5-19-2017  9:25:09         PAGE  6


LOC  OBJECT CODE     LINE SOURCE TEXT
  VALUE

00AC   0088           00234         MOVWF   PORTD
00AD   1507           00235         BSF     PORTC,2;E->1
00AE   2???           00236         CALL    TIEMPO30MS
00AF   1107           00237         BCF     PORTC,2;E->0
00B0   0008           00238         RETURN
                      00239         
00B1                  00240 CURSORAOTRA
00B1   3000           00241         MOVLW   B'00000000'
00B2   0087           00242         MOVWF   PORTC
00B3   30C2           00243         MOVLW   B'11000010'
00B4   0088           00244         MOVWF   PORTD
00B5   1507           00245         BSF     PORTC,2;E->1
00B6   2???           00246         CALL    TIEMPO30MS
00B7   1107           00247         BCF     PORTC,2;E->0
00B8   0008           00248         RETURN
                      00249         
                      00250 
                      00251 
00B9                  00252 STARTWRITE
00B9   3006           00253         MOVLW   B'00000110'
00BA   0087           00254         MOVWF   PORTC
00BB   2???           00255         CALL    TIEMPO30MS
00BC   1107           00256         BCF     PORTC,2
00BD   0008           00257         RETURN
                      00258         
                      00259         
28E4 3EFF             00260     END
MPASM 5.71  /USERS/PEDROAM/DOCUMENTS/MICROCO   5-19-2017  9:25:09         PAGE  7


SYMBOL TABLE
  LABEL                             VALUE 

ABDEN                             00000000
ABDOVF                            00000007
ACKDT                             00000005
ACKEN                             00000004
ACKSTAT                           00000006
ADCON0                            0000001F
ADCON1                            0000009F
ADCS0                             00000006
ADCS1                             00000007
ADDEN                             00000003
ADFM                              00000007
ADIE                              00000006
ADIF                              00000006
ADON                              00000000
ADRESH                            0000001E
ADRESL                            0000009E
ANS0                              00000000
ANS1                              00000001
ANS10                             00000002
ANS11                             00000003
ANS12                             00000004
ANS13                             00000005
ANS2                              00000002
ANS3                              00000003
ANS4                              00000004
ANS5                              00000005
ANS6                              00000006
ANS7                              00000007
ANS8                              00000000
ANS9                              00000001
ANSEL                             00000188
ANSELH                            00000189
BAUDCTL                           00000187
BCLIE                             00000003
BCLIF                             00000003
BF                                00000000
BORRA                             00000010
BORRARLCD                         000000A1
BRG0                              00000000
BRG1                              00000001
BRG10                             00000002
BRG11                             00000003
BRG12                             00000004
BRG13                             00000005
BRG14                             00000006
BRG15                             00000007
BRG16                             00000003
BRG2                              00000002
BRG3                              00000003
BRG4                              00000004
BRG5                              00000005
BRG6                              00000006
BRG7                              00000007
MPASM 5.71  /USERS/PEDROAM/DOCUMENTS/MICROCO   5-19-2017  9:25:09         PAGE  8


SYMBOL TABLE
  LABEL                             VALUE 

BRG8                              00000000
BRG9                              00000001
BRGH                              00000002
C                                 00000000
C1CH0                             00000000
C1CH1                             00000001
C1IE                              00000005
C1IF                              00000005
C1OE                              00000005
C1ON                              00000007
C1OUT                             00000006
C1POL                             00000004
C1R                               00000002
C1RSEL                            00000005
C1SEN                             00000005
C2CH0                             00000000
C2CH1                             00000001
C2IE                              00000006
C2IF                              00000006
C2OE                              00000005
C2ON                              00000007
C2OUT                             00000006
C2POL                             00000004
C2R                               00000002
C2REN                             00000004
C2RSEL                            00000004
C2SYNC                            00000000
CCP1CON                           00000017
CCP1IE                            00000002
CCP1IF                            00000002
CCP1M0                            00000000
CCP1M1                            00000001
CCP1M2                            00000002
CCP1M3                            00000003
CCP1X                             00000005
CCP1Y                             00000004
CCP2CON                           0000001D
CCP2IE                            00000000
CCP2IF                            00000000
CCP2M0                            00000000
CCP2M1                            00000001
CCP2M2                            00000002
CCP2M3                            00000003
CCP2X                             00000005
CCP2Y                             00000004
CCPR1                             00000015
CCPR1H                            00000016
CCPR1L                            00000015
CCPR2                             0000001B
CCPR2H                            0000001C
CCPR2L                            0000001B
CEROP                             00000022
CHS0                              00000002
MPASM 5.71  /USERS/PEDROAM/DOCUMENTS/MICROCO   5-19-2017  9:25:09         PAGE  9


SYMBOL TABLE
  LABEL                             VALUE 

CHS1                              00000003
CHS2                              00000004
CHS3                              00000005
CKE                               00000006
CKP                               00000004
CM1CON0                           00000107
CM2CON0                           00000108
CM2CON1                           00000109
COLUM                             00000020
CONT                              00000026
CONT2                             00000027
CONT3                             00000028
CONTC                             00000023
CONTMOS                           00000024
CREN                              00000004
CSRC                              00000007
CURSORACASA                       000000A9
CURSORAOTRA                       000000B1
D                                 00000005
DATA_ADDRESS                      00000005
DC                                00000001
DC1B0                             00000004
DC1B1                             00000005
DC2B0                             00000004
DC2B1                             00000005
D_A                               00000005
D_NOT_A                           00000005
ECCPAS                            0000009C
ECCPAS0                           00000004
ECCPAS1                           00000005
ECCPAS2                           00000006
ECCPASE                           00000007
EEADR                             0000010D
EEADRH                            0000010F
EECON1                            0000018C
EECON2                            0000018D
EEDAT                             0000010C
EEDATA                            0000010C
EEDATH                            0000010E
EEIE                              00000004
EEIF                              00000004
EEPGD                             00000007
ELIMINADOR21MS                    00000060
ENCENDERLCD                       00000099
F                                 00000001
FERR                              00000002
FSR                               00000004
FVREN                             00000000
GCEN                              00000007
GIE                               00000007
GO                                00000001
GO_DONE                           00000001
GO_NOT_DONE                       00000001
MPASM 5.71  /USERS/PEDROAM/DOCUMENTS/MICROCO   5-19-2017  9:25:09         PAGE 10


SYMBOL TABLE
  LABEL                             VALUE 

HTS                               00000002
I2C_DATA                          00000005
I2C_READ                          00000002
I2C_START                         00000003
I2C_STOP                          00000004
INDF                              00000000
INICIO                            00000000
INTCON                            0000000B
INTE                              00000004
INTEDG                            00000006
INTF                              00000001
IOCB                              00000096
IOCB0                             00000000
IOCB1                             00000001
IOCB2                             00000002
IOCB3                             00000003
IOCB4                             00000004
IOCB5                             00000005
IOCB6                             00000006
IOCB7                             00000007
IRCF0                             00000004
IRCF1                             00000005
IRCF2                             00000006
IRP                               00000007
JUSTC                             00000025
LCDSTART                          00000008
LCDWRITE                          00000012
LTS                               00000001
MC1OUT                            00000007
MC2OUT                            00000006
MODODEOPERACION                   00000091
MSK                               00000093
MSK0                              00000000
MSK1                              00000001
MSK2                              00000002
MSK3                              00000003
MSK4                              00000004
MSK5                              00000005
MSK6                              00000006
MSK7                              00000007
NOT_A                             00000005
NOT_ADDRESS                       00000005
NOT_BO                            00000000
NOT_BOR                           00000000
NOT_DONE                          00000001
NOT_PD                            00000003
NOT_POR                           00000001
NOT_RBPU                          00000007
NOT_RC8                           00000006
NOT_T1SYNC                        00000002
NOT_TO                            00000004
NOT_TX8                           00000006
NOT_W                             00000002
MPASM 5.71  /USERS/PEDROAM/DOCUMENTS/MICROCO   5-19-2017  9:25:09         PAGE 11


SYMBOL TABLE
  LABEL                             VALUE 

NOT_WRITE                         00000002
OERR                              00000001
OPTION_REG                        00000081
OSCCON                            0000008F
OSCTUNE                           00000090
OSFIE                             00000007
OSFIF                             00000007
OSTS                              00000003
P                                 00000004
P1M0                              00000006
P1M1                              00000007
PCL                               00000002
PCLATH                            0000000A
PCON                              0000008E
PDC0                              00000000
PDC1                              00000001
PDC2                              00000002
PDC3                              00000003
PDC4                              00000004
PDC5                              00000005
PDC6                              00000006
PEIE                              00000006
PEN                               00000002
PIE1                              0000008C
PIE2                              0000008D
PIR1                              0000000C
PIR2                              0000000D
PORTA                             00000005
PORTB                             00000006
PORTC                             00000007
PORTD                             00000008
PORTE                             00000009
PR2                               00000092
PRSEN                             00000007
PS0                               00000000
PS1                               00000001
PS2                               00000002
PSA                               00000003
PSSAC0                            00000002
PSSAC1                            00000003
PSSBD0                            00000000
PSSBD1                            00000001
PSTRCON                           0000009D
PULSR                             00000002
PULSS                             00000003
PWM1CON                           0000009B
R                                 00000002
RA0                               00000000
RA1                               00000001
RA2                               00000002
RA3                               00000003
RA4                               00000004
RA5                               00000005
MPASM 5.71  /USERS/PEDROAM/DOCUMENTS/MICROCO   5-19-2017  9:25:09         PAGE 12


SYMBOL TABLE
  LABEL                             VALUE 

RA6                               00000006
RA7                               00000007
RB0                               00000000
RB1                               00000001
RB2                               00000002
RB3                               00000003
RB4                               00000004
RB5                               00000005
RB6                               00000006
RB7                               00000007
RBIE                              00000003
RBIF                              00000000
RC0                               00000000
RC1                               00000001
RC2                               00000002
RC3                               00000003
RC4                               00000004
RC5                               00000005
RC6                               00000006
RC7                               00000007
RC8_9                             00000006
RC9                               00000006
RCD8                              00000000
RCEN                              00000003
RCIDL                             00000006
RCIE                              00000005
RCIF                              00000005
RCREG                             0000001A
RCSTA                             00000018
RD                                00000000
RD0                               00000000
RD1                               00000001
RD2                               00000002
RD3                               00000003
RD4                               00000004
RD5                               00000005
RD6                               00000006
RD7                               00000007
RE0                               00000000
RE1                               00000001
RE2                               00000002
RE3                               00000003
READ_WRITE                        00000002
ROW                               00000021
RP0                               00000005
RP1                               00000006
RSEN                              00000001
RX9                               00000006
RX9D                              00000000
R_NOT_W                           00000002
R_W                               00000002
S                                 00000003
SBOREN                            00000004
MPASM 5.71  /USERS/PEDROAM/DOCUMENTS/MICROCO   5-19-2017  9:25:09         PAGE 13


SYMBOL TABLE
  LABEL                             VALUE 

SCKP                              00000004
SCS                               00000000
SEN                               00000000
SENDB                             00000003
SMP                               00000007
SPBRG                             00000099
SPBRGH                            0000009A
SPEN                              00000007
SR0                               00000006
SR1                               00000007
SRCON                             00000185
SREN                              00000005
SSPADD                            00000093
SSPBUF                            00000013
SSPCON                            00000014
SSPCON2                           00000091
SSPEN                             00000005
SSPIE                             00000003
SSPIF                             00000003
SSPM0                             00000000
SSPM1                             00000001
SSPM2                             00000002
SSPM3                             00000003
SSPMSK                            00000093
SSPOV                             00000006
SSPSTAT                           00000094
STARTWRITE                        000000B9
STATUS                            00000003
STRA                              00000000
STRB                              00000001
STRC                              00000002
STRD                              00000003
STRSYNC                           00000004
SWDTEN                            00000000
SYNC                              00000004
T0CS                              00000005
T0IE                              00000005
T0IF                              00000002
T0SE                              00000004
T1CKPS0                           00000004
T1CKPS1                           00000005
T1CON                             00000010
T1GINV                            00000007
T1GIV                             00000007
T1GSS                             00000001
T1INSYNC                          00000002
T1OSCEN                           00000003
T1SYNC                            00000002
T2CKPS0                           00000000
T2CKPS1                           00000001
T2CON                             00000012
T3SECS                            00000084
TA                                00000062
MPASM 5.71  /USERS/PEDROAM/DOCUMENTS/MICROCO   5-19-2017  9:25:09         PAGE 14


SYMBOL TABLE
  LABEL                             VALUE 

TA15                              0000007D
TA30                              0000006B
TA39                              00000074
TA3S                              00000086
TB3S                              00000088
TC                                00000064
TC15                              0000007F
TC30                              0000006D
TC39                              00000076
TC3S                              0000008A
TIEMPO1_52MS                      0000007B
TIEMPO30MS                        00000069
TIEMPO39uS                        00000072
TMR0                              00000001
TMR0IE                            00000005
TMR0IF                            00000002
TMR1                              0000000E
TMR1CS                            00000001
TMR1GE                            00000006
TMR1H                             0000000F
TMR1IE                            00000000
TMR1IF                            00000000
TMR1L                             0000000E
TMR1ON                            00000000
TMR2                              00000011
TMR2IE                            00000001
TMR2IF                            00000001
TMR2ON                            00000002
TOUTPS0                           00000003
TOUTPS1                           00000004
TOUTPS2                           00000005
TOUTPS3                           00000006
TRISA                             00000085
TRISA0                            00000000
TRISA1                            00000001
TRISA2                            00000002
TRISA3                            00000003
TRISA4                            00000004
TRISA5                            00000005
TRISA6                            00000006
TRISA7                            00000007
TRISB                             00000086
TRISB0                            00000000
TRISB1                            00000001
TRISB2                            00000002
TRISB3                            00000003
TRISB4                            00000004
TRISB5                            00000005
TRISB6                            00000006
TRISB7                            00000007
TRISC                             00000087
TRISC0                            00000000
TRISC1                            00000001
MPASM 5.71  /USERS/PEDROAM/DOCUMENTS/MICROCO   5-19-2017  9:25:09         PAGE 15


SYMBOL TABLE
  LABEL                             VALUE 

TRISC2                            00000002
TRISC3                            00000003
TRISC4                            00000004
TRISC5                            00000005
TRISC6                            00000006
TRISC7                            00000007
TRISD                             00000088
TRISD0                            00000000
TRISD1                            00000001
TRISD2                            00000002
TRISD3                            00000003
TRISD4                            00000004
TRISD5                            00000005
TRISD6                            00000006
TRISD7                            00000007
TRISE                             00000089
TRISE0                            00000000
TRISE1                            00000001
TRISE2                            00000002
TRISE3                            00000003
TRMT                              00000001
TUN0                              00000000
TUN1                              00000001
TUN2                              00000002
TUN3                              00000003
TUN4                              00000004
TX8_9                             00000006
TX9                               00000006
TX9D                              00000000
TXD8                              00000000
TXEN                              00000005
TXIE                              00000004
TXIF                              00000004
TXREG                             00000019
TXSTA                             00000098
UA                                00000001
ULPWUE                            00000005
ULPWUIE                           00000002
ULPWUIF                           00000002
VCFG0                             00000004
VCFG1                             00000005
VR0                               00000000
VR1                               00000001
VR2                               00000002
VR3                               00000003
VRCON                             00000097
VREN                              00000007
VROE                              00000006
VRR                               00000005
VRSS                              00000004
W                                 00000000
WCOL                              00000007
WDTCON                            00000105
MPASM 5.71  /USERS/PEDROAM/DOCUMENTS/MICROCO   5-19-2017  9:25:09         PAGE 16


SYMBOL TABLE
  LABEL                             VALUE 

WDTPS0                            00000001
WDTPS1                            00000002
WDTPS2                            00000003
WDTPS3                            00000004
WPUB                              00000095
WPUB0                             00000000
WPUB1                             00000001
WPUB2                             00000002
WPUB3                             00000003
WPUB4                             00000004
WPUB5                             00000005
WPUB6                             00000006
WPUB7                             00000007
WR                                00000001
WREN                              00000002
WRERR                             00000003
WUE                               00000001
Z                                 00000002
_BOR21V                           00003EFF
_BOR40V                           00003FFF
_BOR4V_BOR21V                     00003EFF
_BOR4V_BOR40V                     00003FFF
_BOREN_NSLEEP                     00003EFF
_BOREN_OFF                        00003CFF
_BOREN_ON                         00003FFF
_BOREN_SBODEN                     00003DFF
_BOR_NSLEEP                       00003EFF
_BOR_OFF                          00003CFF
_BOR_ON                           00003FFF
_BOR_SBODEN                       00003DFF
_CONFIG1                          00002007
_CONFIG2                          00002008
_CPD_OFF                          00003FFF
_CPD_ON                           00003F7F
_CP_OFF                           00003FFF
_CP_ON                            00003FBF
_DEBUG_OFF                        00003FFF
_DEBUG_ON                         00001FFF
_DEVID1                           00002006
_EC_OSC                           00003FFB
_EXTRC                            00003FFF
_EXTRCIO                          00003FFE
_EXTRC_OSC_CLKOUT                 00003FFF
_EXTRC_OSC_NOCLKOUT               00003FFE
_FCMEN_OFF                        000037FF
_FCMEN_ON                         00003FFF
_FOSC_EC                          00003FFB
_FOSC_EXTRC_CLKOUT                00003FFF
_FOSC_EXTRC_NOCLKOUT              00003FFE
_FOSC_HS                          00003FFA
_FOSC_INTRC_CLKOUT                00003FFD
_FOSC_INTRC_NOCLKOUT              00003FFC
_FOSC_LP                          00003FF8
MPASM 5.71  /USERS/PEDROAM/DOCUMENTS/MICROCO   5-19-2017  9:25:09         PAGE 17


SYMBOL TABLE
  LABEL                             VALUE 

_FOSC_XT                          00003FF9
_HS_OSC                           00003FFA
_IDLOC0                           00002000
_IDLOC1                           00002001
_IDLOC2                           00002002
_IDLOC3                           00002003
_IESO_OFF                         00003BFF
_IESO_ON                          00003FFF
_INTOSC                           00003FFD
_INTOSCIO                         00003FFC
_INTRC_OSC_CLKOUT                 00003FFD
_INTRC_OSC_NOCLKOUT               00003FFC
_LP_OSC                           00003FF8
_LVP_OFF                          00002FFF
_LVP_ON                           00003FFF
_MCLRE_OFF                        00003FDF
_MCLRE_ON                         00003FFF
_PWRTE_OFF                        00003FFF
_PWRTE_ON                         00003FEF
_WDTE_OFF                         00003FF7
_WDTE_ON                          00003FFF
_WDT_OFF                          00003FF7
_WDT_ON                           00003FFF
_WRT_1FOURTH                      00003BFF
_WRT_256                          00003DFF
_WRT_HALF                         000039FF
_WRT_OFF                          00003FFF
_XT_OSC                           00003FF9
__16F887                          00000001

Errors   :     0
Warnings :     1 reported,     0 suppressed
Messages :    20 reported,     0 suppressed

