MPASM 5.71  /USERS/PEDROAM/DOCUMENTS/MICROCO   6-20-2017  10:59:04         PAGE  1


LOC  OBJECT CODE     LINE SOURCE TEXT
  VALUE

Warning[205]: Found directive in column 1. (__CONFIG)
2007   3FF1           00001 __CONFIG _CP_OFF & _WDT_OFF & _PWRTE_ON & _XT_OSC
                      00002     LIST P=16F84A
                      00003     INCLUDE <P16F84A.INC>
                      00001         LIST
                      00002 
                      00003 ;==========================================================================
                      00004 ; Build date : Nov 17 2016
                      00005 ;  MPASM PIC16F84A processor include
                      00006 ; 
                      00007 ;  (c) Copyright 1999-2016 Microchip Technology, All rights reserved
                      00008 ;==========================================================================
                      00009 
                      00209         LIST
                      00004     ORG 0
                      00005     
Warning[207]: Found label after column 1. (REGENT)
  0000000C            00006     REGENT  EQU 0X0C
                      00007     
Warning[207]: Found label after column 1. (INICIO)
0000                  00008     INICIO 
                      00009             
0000   1683           00010         BSF     STATUS,RP0
0001   30C0           00011         MOVLW   B'11000000'
Message[302]: Register in operand not in bank 0.  Ensure that bank bits are correct.
0002   0086           00012         MOVWF   TRISB
0003   1283           00013         BCF     STATUS,RP0
0004   0186           00014         CLRF    PORTB
0005   018C           00015         CLRF    REGENT
                      00016         
Warning[207]: Found label after column 1. (SIGUE)
0006                  00017     SIGUE
0006   30FF           00018         MOVLW   B'0011111111'
0007   0086           00019         MOVWF   PORTB
                      00020         
                      00021     ;RC
                      00022         ;MOVF   PORTB,0
                      00023         ;ANDLW  B'11000000'
                      00024         ;MOVWF  REGENT
                      00025         ;OMF    REGENT,1
                      00026         ;MOVLW  B'0011111'
                      00027         ;SUBWF  REGENT,0
                      00028         ;BTFSC  STATUS,Z
                      00029         ;GOTO   RECTO;igual
                      00030         ;GOTO   SIGUE;diferente
                      00031         
Warning[207]: Found label after column 1. (RECTO)
0008                  00032     RECTO
0008   1306           00033         BCF     PORTB,6
0009   1686           00034         BSF     PORTB,5
000A   1186           00035         BCF     PORTB,3
000B   1506           00036         BSF     PORTB,2
                      00037         
MPASM 5.71  /USERS/PEDROAM/DOCUMENTS/MICROCO   6-20-2017  10:59:04         PAGE  2


LOC  OBJECT CODE     LINE SOURCE TEXT
  VALUE

                      00038         
                      00039         
                      00040     
Warning[207]: Found label after column 1. (PIZQ)
000C                  00041     PIZQ
000C   1806           00042         BTFSC   PORTB,0
000D   1206           00043         BCF     PORTB,4
000E   1C06           00044         BTFSS   PORTB,0
000F   1606           00045         BSF     PORTB,4
0010   0806           00046         MOVF    PORTB,0
0011   008C           00047         MOVWF   REGENT
                      00048         ;COMF   REGENT,1
0012   1C0C           00049         BTFSS   REGENT,0
0013   2???           00050         GOTO    GIROIZQ
Warning[207]: Found label after column 1. (PDER)
0014                  00051     PDER
0014   0806           00052         MOVF    PORTB,0
0015   008C           00053         MOVWF   REGENT
                      00054         ;COMF   REGENT,1
0016   1C8C           00055         BTFSS   REGENT,1
0017   2???           00056         GOTO    GIRODER
0018   2???           00057         GOTO    RECTO
                      00058         
0019   2???           00059         GOTO    PIZQ
                      00060         
Warning[207]: Found label after column 1. (GIROIZQ)
001A                  00061     GIROIZQ
001A   1706           00062         BSF     PORTB,6
001B   2???           00063         GOTO    PIZQ
                      00064         
Warning[207]: Found label after column 1. (GIRODER)
001C                  00065     GIRODER
001C   1586           00066         BSF     PORTB,3
001D   2???           00067         GOTO    PDER
                      00068         
                      00069   
                      00070         
3FF1                  00071         END
MPASM 5.71  /USERS/PEDROAM/DOCUMENTS/MICROCO   6-20-2017  10:59:04         PAGE  3


SYMBOL TABLE
  LABEL                             VALUE 

C                                 00000000
DC                                00000001
EEADR                             00000009
EECON1                            00000088
EECON2                            00000089
EEDATA                            00000008
EEIE                              00000006
EEIF                              00000004
F                                 00000001
FSR                               00000004
GIE                               00000007
GIRODER                           0000001C
GIROIZQ                           0000001A
INDF                              00000000
INICIO                            00000000
INTCON                            0000000B
INTE                              00000004
INTEDG                            00000006
INTF                              00000001
IRP                               00000007
NOT_PD                            00000003
NOT_RBPU                          00000007
NOT_TO                            00000004
OPTION_REG                        00000081
PCL                               00000002
PCLATH                            0000000A
PDER                              00000014
PIZQ                              0000000C
PORTA                             00000005
PORTB                             00000006
PS0                               00000000
PS1                               00000001
PS2                               00000002
PSA                               00000003
RA0                               00000000
RA1                               00000001
RA2                               00000002
RA3                               00000003
RA4                               00000004
RB0                               00000000
RB1                               00000001
RB2                               00000002
RB3                               00000003
RB4                               00000004
RB5                               00000005
RB6                               00000006
RB7                               00000007
RBIE                              00000003
RBIF                              00000000
RD                                00000000
RECTO                             00000008
REGENT                            0000000C
RP0                               00000005
MPASM 5.71  /USERS/PEDROAM/DOCUMENTS/MICROCO   6-20-2017  10:59:04         PAGE  4


SYMBOL TABLE
  LABEL                             VALUE 

RP1                               00000006
SIGUE                             00000006
STATUS                            00000003
T0CS                              00000005
T0IE                              00000005
T0IF                              00000002
T0SE                              00000004
TMR0                              00000001
TMR0IE                            00000005
TMR0IF                            00000002
TRISA                             00000085
TRISA0                            00000000
TRISA1                            00000001
TRISA2                            00000002
TRISA3                            00000003
TRISA4                            00000004
TRISB                             00000086
TRISB0                            00000000
TRISB1                            00000001
TRISB2                            00000002
TRISB3                            00000003
TRISB4                            00000004
TRISB5                            00000005
TRISB6                            00000006
TRISB7                            00000007
W                                 00000000
WR                                00000001
WREN                              00000002
WRERR                             00000003
Z                                 00000002
_CONFIG                           00002007
_CP_OFF                           00003FFF
_CP_ON                            0000000F
_DEVID1                           00002006
_FOSC_EXTRC                       00003FFF
_FOSC_HS                          00003FFE
_FOSC_LP                          00003FFC
_FOSC_XT                          00003FFD
_HS_OSC                           00003FFE
_IDLOC0                           00002000
_IDLOC1                           00002001
_IDLOC2                           00002002
_IDLOC3                           00002003
_LP_OSC                           00003FFC
_PWRTE_OFF                        00003FFF
_PWRTE_ON                         00003FF7
_RC_OSC                           00003FFF
_WDTE_OFF                         00003FFB
_WDTE_ON                          00003FFF
_WDT_OFF                          00003FFB
_WDT_ON                           00003FFF
_XT_OSC                           00003FFD
__16F84A                          00000001
MPASM 5.71  /USERS/PEDROAM/DOCUMENTS/MICROCO   6-20-2017  10:59:04         PAGE  5






Errors   :     0
Warnings :     9 reported,     0 suppressed
Messages :     1 reported,     0 suppressed

