MPASM 5.71  /USERS/PEDROAM/DOCUMENTS/MICROCO   4-25-2017  13:43:02         PAGE  1


LOC  OBJECT CODE     LINE SOURCE TEXT
  VALUE

Warning[205]: Found directive in column 1. (__CONFIG)
2007   3FF1           00001 __CONFIG _CP_OFF & _WDT_OFF & _PWRTE_ON & _XT_OSC
                      00002     LIST P=16F84A
                      00003     INCLUDE <P16F84.INC>
                      00001         LIST
                      00002 
                      00003 ;==========================================================================
                      00004 ; Build date : Nov 17 2016
                      00005 ;  MPASM PIC16F84 processor include
                      00006 ; 
                      00007 ;  (c) Copyright 1999-2016 Microchip Technology, All rights reserved
                      00008 ;==========================================================================
                      00009 
Message[301]: MESSAGE: (Processor-header file mismatch.  Verify selected processor.)
                      00207         LIST
                      00004     
                      00005     ORG 0
                      00006     
                      00007    
  0000000C            00008 CONT    EQU 0X0C
  0000000D            00009 CONT2   EQU 0X0D
  0000000E            00010 CONT3   EQU 0X0E
                      00011 
                      00012         
0000                  00013 INICIO
0000   1683           00014     BSF STATUS,RP0
Message[302]: Register in operand not in bank 0.  Ensure that bank bits are correct.
0001   0186           00015     CLRF        TRISB
Message[302]: Register in operand not in bank 0.  Ensure that bank bits are correct.
0002   0185           00016     CLRF        TRISA
0003   1283           00017     BCF STATUS,RP0
                      00018     
0004                  00019 PROGRAMA
                      00020     
0004   3001           00021     MOVLW D'00000001'
Message[302]: Register in operand not in bank 0.  Ensure that bank bits are correct.
0005   0086           00022     MOVWF TRISB
0006   2???           00023     CALL TIME
0007   300A           00024     MOVLW D'00000010'
Message[302]: Register in operand not in bank 0.  Ensure that bank bits are correct.
0008   0086           00025     MOVWF TRISB
0009   2???           00026     CALL TIME
Warning[202]: Argument out of range.  Least significant bits used.
000A   30E8           00027     MOVLW D'00001000'
Message[302]: Register in operand not in bank 0.  Ensure that bank bits are correct.
000B   0086           00028     MOVWF TRISB
000C   2???           00029     CALL TIME
                      00030     
000D   2???           00031     GOTO PROGRAMA
                      00032      
                      00033     
000E                  00034 TIME
000E   3025           00035         MOVLW   D'37';TENEMOS UNA RUTINA DE TIEMPO DE APROXIMADAMENTE DE dos SEGUNDO
MPASM 5.71  /USERS/PEDROAM/DOCUMENTS/MICROCO   4-25-2017  13:43:02         PAGE  2


LOC  OBJECT CODE     LINE SOURCE TEXT
  VALUE

000F   008C           00036         MOVWF   CONT
0010                  00037 TA
0010   304F           00038         MOVLW   D'79'
0011   008D           00039         MOVWF   CONT2
0012                  00040 TB      
0012   30DE           00041         MOVLW   D'222'
0013   008E           00042         MOVWF   CONT3
0014                  00043 TC
Message[305]: Using default destination of 1 (file).
0014   0B8E           00044         DECFSZ  CONT3
0015   2???           00045         GOTO    TC
Message[305]: Using default destination of 1 (file).
0016   0B8D           00046         DECFSZ  CONT2
0017   2???           00047         GOTO    TB
Message[305]: Using default destination of 1 (file).
0018   0B8C           00048         DECFSZ  CONT
0019   2???           00049         GOTO    TA
001A   0008           00050         RETURN
                      00051     
                      00052     
                      00053 
                      00054 
Warning[205]: Found directive in column 1. (END)
3FF1                  00055 END
MPASM 5.71  /USERS/PEDROAM/DOCUMENTS/MICROCO   4-25-2017  13:43:02         PAGE  3


SYMBOL TABLE
  LABEL                             VALUE 

C                                 00000000
CONT                              0000000C
CONT2                             0000000D
CONT3                             0000000E
DC                                00000001
EEADR                             00000009
EECON1                            00000088
EECON2                            00000089
EEDATA                            00000008
EEIE                              00000006
EEIF                              00000004
F                                 00000001
FSR                               00000004
GIE                               00000007
INDF                              00000000
INICIO                            00000000
INTCON                            0000000B
INTE                              00000004
INTEDG                            00000006
INTF                              00000001
IRP                               00000007
NOT_PD                            00000003
NOT_RBPU                          00000007
NOT_TO                            00000004
OPTION_REG                        00000081
PCL                               00000002
PCLATH                            0000000A
PORTA                             00000005
PORTB                             00000006
PROGRAMA                          00000004
PS0                               00000000
PS1                               00000001
PS2                               00000002
PSA                               00000003
RA0                               00000000
RA1                               00000001
RA2                               00000002
RA3                               00000003
RA4                               00000004
RB0                               00000000
RB1                               00000001
RB2                               00000002
RB3                               00000003
RB4                               00000004
RB5                               00000005
RB6                               00000006
RB7                               00000007
RBIE                              00000003
RBIF                              00000000
RD                                00000000
RP0                               00000005
RP1                               00000006
STATUS                            00000003
MPASM 5.71  /USERS/PEDROAM/DOCUMENTS/MICROCO   4-25-2017  13:43:02         PAGE  4


SYMBOL TABLE
  LABEL                             VALUE 

T0CS                              00000005
T0IE                              00000005
T0IF                              00000002
T0SE                              00000004
TA                                00000010
TB                                00000012
TC                                00000014
TIME                              0000000E
TMR0                              00000001
TMR0IE                            00000005
TMR0IF                            00000002
TRISA                             00000085
TRISA0                            00000000
TRISA1                            00000001
TRISA2                            00000002
TRISA3                            00000003
TRISA4                            00000004
TRISB                             00000086
TRISB0                            00000000
TRISB1                            00000001
TRISB2                            00000002
TRISB3                            00000003
TRISB4                            00000004
TRISB5                            00000005
TRISB6                            00000006
TRISB7                            00000007
W                                 00000000
WR                                00000001
WREN                              00000002
WRERR                             00000003
Z                                 00000002
_CONFIG                           00002007
_CP_OFF                           00003FFF
_CP_ON                            0000000F
_FOSC_EXTRC                       00003FFF
_FOSC_HS                          00003FFE
_FOSC_LP                          00003FFC
_FOSC_XT                          00003FFD
_HS_OSC                           00003FFE
_IDLOC0                           00002000
_IDLOC1                           00002001
_IDLOC2                           00002002
_IDLOC3                           00002003
_LP_OSC                           00003FFC
_PWRTE_OFF                        00003FFF
_PWRTE_ON                         00003FF7
_RC_OSC                           00003FFF
_WDTE_OFF                         00003FFB
_WDTE_ON                          00003FFF
_WDT_OFF                          00003FFB
_WDT_ON                           00003FFF
_XT_OSC                           00003FFD
__16F84A                          00000001
MPASM 5.71  /USERS/PEDROAM/DOCUMENTS/MICROCO   4-25-2017  13:43:02         PAGE  5


SYMBOL TABLE
  LABEL                             VALUE 

__DEBUG                           
__MPLAB_DEBUGGER_SIMULATOR        1

Errors   :     0
Warnings :     3 reported,     0 suppressed
Messages :     9 reported,     0 suppressed

