Warning[205] /Users/pedroam/Documents/Microcontroladores y microprocesadores/3DWorld.X/clock3.asm 1 : Found directive in column 1. (__CONFIG)
Warning[207] /Users/pedroam/Documents/Microcontroladores y microprocesadores/3DWorld.X/clock3.asm 6 : Found label after column 1. (SEGUNDOSR)
Warning[207] /Users/pedroam/Documents/Microcontroladores y microprocesadores/3DWorld.X/clock3.asm 7 : Found label after column 1. (MINUTOSR)
Warning[207] /Users/pedroam/Documents/Microcontroladores y microprocesadores/3DWorld.X/clock3.asm 8 : Found label after column 1. (HORASR)
Warning[207] /Users/pedroam/Documents/Microcontroladores y microprocesadores/3DWorld.X/clock3.asm 9 : Found label after column 1. (SECL)
Warning[207] /Users/pedroam/Documents/Microcontroladores y microprocesadores/3DWorld.X/clock3.asm 10 : Found label after column 1. (MINL)
Warning[207] /Users/pedroam/Documents/Microcontroladores y microprocesadores/3DWorld.X/clock3.asm 11 : Found label after column 1. (HORL)
Warning[207] /Users/pedroam/Documents/Microcontroladores y microprocesadores/3DWorld.X/clock3.asm 12 : Found label after column 1. (VUELTAS)
Warning[207] /Users/pedroam/Documents/Microcontroladores y microprocesadores/3DWorld.X/clock3.asm 13 : Found label after column 1. (TGIRO)
Warning[207] /Users/pedroam/Documents/Microcontroladores y microprocesadores/3DWorld.X/clock3.asm 14 : Found label after column 1. (CONTHORAS)
Warning[207] /Users/pedroam/Documents/Microcontroladores y microprocesadores/3DWorld.X/clock3.asm 15 : Found label after column 1. (CONTMIN)
Warning[207] /Users/pedroam/Documents/Microcontroladores y microprocesadores/3DWorld.X/clock3.asm 16 : Found label after column 1. (CONTSEC)
Warning[207] /Users/pedroam/Documents/Microcontroladores y microprocesadores/3DWorld.X/clock3.asm 17 : Found label after column 1. (LETREG)
Warning[207] /Users/pedroam/Documents/Microcontroladores y microprocesadores/3DWorld.X/clock3.asm 18 : Found label after column 1. (VUELTAS2)
Warning[207] /Users/pedroam/Documents/Microcontroladores y microprocesadores/3DWorld.X/clock3.asm 21 : Found label after column 1. (INICIO)
Message[302] /Users/pedroam/Documents/Microcontroladores y microprocesadores/3DWorld.X/clock3.asm 23 : Register in operand not in bank 0.  Ensure that bank bits are correct.
Warning[207] /Users/pedroam/Documents/Microcontroladores y microprocesadores/3DWorld.X/clock3.asm 36 : Found label after column 1. (RELOJ)
Warning[207] /Users/pedroam/Documents/Microcontroladores y microprocesadores/3DWorld.X/clock3.asm 42 : Found label after column 1. (HPS)
Warning[207] /Users/pedroam/Documents/Microcontroladores y microprocesadores/3DWorld.X/clock3.asm 46 : Found label after column 1. (MPS)
Warning[207] /Users/pedroam/Documents/Microcontroladores y microprocesadores/3DWorld.X/clock3.asm 51 : Found label after column 1. (SPS)
Message[305] /Users/pedroam/Documents/Microcontroladores y microprocesadores/3DWorld.X/clock3.asm 53 : Using default destination of 1 (file).
Message[305] /Users/pedroam/Documents/Microcontroladores y microprocesadores/3DWorld.X/clock3.asm 54 : Using default destination of 1 (file).
Message[305] /Users/pedroam/Documents/Microcontroladores y microprocesadores/3DWorld.X/clock3.asm 58 : Using default destination of 1 (file).
Message[305] /Users/pedroam/Documents/Microcontroladores y microprocesadores/3DWorld.X/clock3.asm 59 : Using default destination of 1 (file).
Message[305] /Users/pedroam/Documents/Microcontroladores y microprocesadores/3DWorld.X/clock3.asm 63 : Using default destination of 1 (file).
Message[305] /Users/pedroam/Documents/Microcontroladores y microprocesadores/3DWorld.X/clock3.asm 64 : Using default destination of 1 (file).
Warning[207] /Users/pedroam/Documents/Microcontroladores y microprocesadores/3DWorld.X/clock3.asm 71 : Found label after column 1. (GIROSEC)
Warning[207] /Users/pedroam/Documents/Microcontroladores y microprocesadores/3DWorld.X/clock3.asm 75 : Found label after column 1. (V2)
Warning[207] /Users/pedroam/Documents/Microcontroladores y microprocesadores/3DWorld.X/clock3.asm 78 : Found label after column 1. (V)
Message[305] /Users/pedroam/Documents/Microcontroladores y microprocesadores/3DWorld.X/clock3.asm 80 : Using default destination of 1 (file).
Message[305] /Users/pedroam/Documents/Microcontroladores y microprocesadores/3DWorld.X/clock3.asm 83 : Using default destination of 1 (file).
Warning[207] /Users/pedroam/Documents/Microcontroladores y microprocesadores/3DWorld.X/clock3.asm 91 : Found label after column 1. (TSOLOGIRO)
Warning[207] /Users/pedroam/Documents/Microcontroladores y microprocesadores/3DWorld.X/clock3.asm 102 : Found label after column 1. (LETANIA)
Warning[207] /Users/pedroam/Documents/Microcontroladores y microprocesadores/3DWorld.X/clock3.asm 105 : Found label after column 1. (LET)
Message[305] /Users/pedroam/Documents/Microcontroladores y microprocesadores/3DWorld.X/clock3.asm 107 : Using default destination of 1 (file).
Warning[207] /Users/pedroam/Documents/Microcontroladores y microprocesadores/3DWorld.X/clock3.asm 110 : Found label after column 1. (T)
Message[305] /Users/pedroam/Documents/Microcontroladores y microprocesadores/3DWorld.X/clock3.asm 111 : Using default destination of 1 (file).
Warning[207] /Users/pedroam/Documents/Microcontroladores y microprocesadores/3DWorld.X/clock3.asm 114 : Found label after column 1. (M)
Message[305] /Users/pedroam/Documents/Microcontroladores y microprocesadores/3DWorld.X/clock3.asm 114 : Using default destination of 1 (file).
Warning[207] /Users/pedroam/Documents/Microcontroladores y microprocesadores/3DWorld.X/clock3.asm 117 : Found label after column 1. (H)
Message[305] /Users/pedroam/Documents/Microcontroladores y microprocesadores/3DWorld.X/clock3.asm 117 : Using default destination of 1 (file).
Warning[207] /Users/pedroam/Documents/Microcontroladores y microprocesadores/3DWorld.X/clock3.asm 120 : Found label after column 1. (DG)
Message[305] /Users/pedroam/Documents/Microcontroladores y microprocesadores/3DWorld.X/clock3.asm 120 : Using default destination of 1 (file).
Warning[207] /Users/pedroam/Documents/Microcontroladores y microprocesadores/3DWorld.X/clock3.asm 124 : Found label after column 1. (OFFSEC)
Warning[207] /Users/pedroam/Documents/Microcontroladores y microprocesadores/3DWorld.X/clock3.asm 130 : Found label after column 1. (OFFMIN)
Warning[207] /Users/pedroam/Documents/Microcontroladores y microprocesadores/3DWorld.X/clock3.asm 136 : Found label after column 1. (OFFHORA)
Warning[205] /Users/pedroam/Documents/Microcontroladores y microprocesadores/3DWorld.X/clock3.asm 142 : Found directive in column 1. (END)
