MPASM 5.71  /USERS/PEDROAM/DOCUMENTS/MICROCO   5-16-2017  9:44:32         PAGE  1


LOC  OBJECT CODE     LINE SOURCE TEXT
  VALUE

Warning[205]: Found directive in column 1. (__CONFIG)
2007   28E4           00001 __CONFIG    _CONFIG1, _LVP_OFF & _FCMEN_ON & _IESO_OFF & _BOR_OFF & _CPD_OFF & _CP_OFF & _MCLRE_ON & _PW
                            RTE_ON & _WDT_OFF & _INTRC_OSC_NOCLKOUT
2008   3EFF           00002     __CONFIG    _CONFIG2, _WRT_OFF & _BOR21V
                      00003     LIST P=16F887
                      00004     INCLUDE <P16F887.INC>
                      00001         LIST
                      00002 
                      00003 ;==========================================================================
                      00004 ; Build date : Nov 17 2016
                      00005 ;  MPASM PIC16F887 processor include
                      00006 ; 
                      00007 ;  (c) Copyright 1999-2016 Microchip Technology, All rights reserved
                      00008 ;==========================================================================
                      00009 
                      00810         LIST
                      00005     ORG 0
                      00006     
  00000020            00007 COLUM   EQU 0X20
  00000021            00008 ROW     EQU 0X21
  00000022            00009 CEROP   EQU 0X22
  00000023            00010 CONTC   EQU 0X23
  00000024            00011 CONTMOS EQU 0X24
  00000025            00012 JUSTC   EQU 0X25
  00000026            00013 CONT    EQU 0X26
  00000027            00014 CONT2   EQU 0X27
  00000028            00015 CONT3   EQU 0X28
                      00016     
0000                  00017 INICIO 
                      00018             
0000   1683           00019         BSF     STATUS,RP0
0001   300F           00020         MOVLW   B'00001111'
Message[302]: Register in operand not in bank 0.  Ensure that bank bits are correct.
0002   1381           00021         BCF     OPTION_REG,NOT_RBPU
Message[302]: Register in operand not in bank 0.  Ensure that bank bits are correct.
0003   0086           00022         MOVWF   TRISB
Message[302]: Register in operand not in bank 0.  Ensure that bank bits are correct.
0004   0185           00023         CLRF    TRISA
Message[302]: Register in operand not in bank 0.  Ensure that bank bits are correct.
0005   0188           00024         CLRF    TRISD
Message[302]: Register in operand not in bank 0.  Ensure that bank bits are correct.
0006   0187           00025         CLRF    TRISC
0007   1283           00026         BCF     STATUS,RP0
                      00027         
0008                  00028 LCDSTART
0008   2???           00029         CALL    ENCENDERLCD
0009   2???           00030         CALL    TIEMPO30MS
000A   2???           00031         CALL    MODODEOPERACION
000B   2???           00032         CALL    TIEMPO39uS
000C                  00033 BORRA
000C   2???           00034         CALL    BORRARLCD
000D   2???           00035         CALL    TIEMPO1_52MS
000E                  00036 LCDWRITE
MPASM 5.71  /USERS/PEDROAM/DOCUMENTS/MICROCO   5-16-2017  9:44:32         PAGE  2


LOC  OBJECT CODE     LINE SOURCE TEXT
  VALUE

000E   2???           00037         CALL    CURSORACASA
000F   2???           00038         CALL    TIEMPO1_52MS
0010   2???           00039         CALL    STARTWRITE
                      00040         
0011   304C           00041         MOVLW   B'01001100';L
0012   0088           00042         MOVWF   PORTD
0013   304F           00043         MOVLW   B'01001111';O
0014   0088           00044         MOVWF   PORTD
0015   3056           00045         MOVLW   B'01010110';V
0016   0088           00046         MOVWF   PORTD
0017   3045           00047         MOVLW   B'01000101';E
0018   0088           00048         MOVWF   PORTD
0019   3002           00049         MOVLW   B'00000010';_
001A   0088           00050         MOVWF   PORTD
001B   304C           00051         MOVLW   B'01001100';L
001C   0088           00052         MOVWF   PORTD
001D   304F           00053         MOVLW   B'01001111';O
001E   0088           00054         MOVWF   PORTD
001F   3056           00055         MOVLW   B'01010110';V
0020   0088           00056         MOVWF   PORTD
0021   3045           00057         MOVLW   B'01000101';E
0022   0088           00058         MOVWF   PORTD
0023   3053           00059         MOVLW   B'01010011';S
0024   0088           00060         MOVWF   PORTD
0025   3002           00061         MOVLW   B'00000010';_
0026   0088           00062         MOVWF   PORTD
0027   3054           00063         MOVLW   B'01010100';T
0028   0088           00064         MOVWF   PORTD
0029   304F           00065         MOVLW   B'01001111';O
002A   0088           00066         MOVWF   PORTD
002B   3002           00067         MOVLW   B'00000010';_
002C   0088           00068         MOVWF   PORTD
002D   304C           00069         MOVLW   B'01001100';L
002E   0088           00070         MOVWF   PORTD
002F   304F           00071         MOVLW   B'01001111';O
0030   0088           00072         MOVWF   PORTD
0031   3056           00073         MOVLW   B'01010110';V
0032   0088           00074         MOVWF   PORTD
0033   3045           00075         MOVLW   B'01000101';E
0034   0088           00076         MOVWF   PORTD
                      00077         ;CALL   TIEMPO39uS
0035   2???           00078         GOTO    BORRA 
                      00079 
0036                  00080 ELIMINADOR21MS
                      00081         
0036   30FA           00082         MOVLW   D'250' ;TENEMOS UNA RUTINA DE TIEMPO DE DE 8.31 MICRO SEGUNDO CUANDO VARTIME ES 9
0037   00A6           00083         MOVWF   CONT
0038                  00084 TA
0038   301B           00085         MOVLW   D'27'
0039   00A7           00086         MOVWF   CONT2
003A                  00087 TC
Message[305]: Using default destination of 1 (file).
003A   0BA7           00088         DECFSZ  CONT2
MPASM 5.71  /USERS/PEDROAM/DOCUMENTS/MICROCO   5-16-2017  9:44:32         PAGE  3


LOC  OBJECT CODE     LINE SOURCE TEXT
  VALUE

003B   2???           00089         GOTO    TC
Message[305]: Using default destination of 1 (file).
003C   0BA6           00090         DECFSZ  CONT
003D   2???           00091         GOTO    TA
003E   0008           00092         RETURN
                      00093         
003F                  00094 TIEMPO30MS
003F   30FA           00095         MOVLW   D'250' ;TENEMOS UNA RUTINA DE TIEMPO DE DE 8.31 MICRO SEGUNDO CUANDO VARTIME ES 9
0040   00A6           00096         MOVWF   CONT
0041                  00097 TA30
0041   3027           00098         MOVLW   D'39'
0042   00A7           00099         MOVWF   CONT2
0043                  00100 TC30
Message[305]: Using default destination of 1 (file).
0043   0BA7           00101         DECFSZ  CONT2
0044   2???           00102         GOTO    TC30
Message[305]: Using default destination of 1 (file).
0045   0BA6           00103         DECFSZ  CONT
0046   2???           00104         GOTO    TA30
0047   0008           00105         RETURN
                      00106         
0048                  00107 TIEMPO39uS
0048   3000           00108         MOVLW   D'0' ;TENEMOS UNA RUTINA DE TIEMPO DE DE 8.31 MICRO SEGUNDO CUANDO VARTIME ES 9
0049   00A6           00109         MOVWF   CONT
004A                  00110 TA39
004A   300D           00111         MOVLW   D'13'
004B   00A7           00112         MOVWF   CONT2
004C                  00113 TC39
Message[305]: Using default destination of 1 (file).
004C   0BA7           00114         DECFSZ  CONT2
004D   2???           00115         GOTO    TC39
Message[305]: Using default destination of 1 (file).
004E   0BA6           00116         DECFSZ  CONT
004F   2???           00117         GOTO    TA39
0050   0008           00118         RETURN
                      00119 
0051                  00120 TIEMPO1_52MS
0051   30FE           00121         MOVLW   D'254' ;TENEMOS UNA RUTINA DE TIEMPO DE DE 8.31 MICRO SEGUNDO CUANDO VARTIME ES 9
0052   00A6           00122         MOVWF   CONT
0053                  00123 TA15
0053   3001           00124         MOVLW   D'1'
0054   00A7           00125         MOVWF   CONT2
0055                  00126 TC15
Message[305]: Using default destination of 1 (file).
0055   0BA7           00127         DECFSZ  CONT2
0056   2???           00128         GOTO    TC15
Message[305]: Using default destination of 1 (file).
0057   0BA6           00129         DECFSZ  CONT
0058   2???           00130         GOTO    TA15
0059   0008           00131         RETURN
                      00132         
005A                  00133 T3SECS
005A   30FA           00134         MOVLW   D'250' ;TENEMOS UNA RUTINA DE TIEMPO DE DE 3 SEGUNDO CUANDO VARTIME ES 9
MPASM 5.71  /USERS/PEDROAM/DOCUMENTS/MICROCO   5-16-2017  9:44:32         PAGE  4


LOC  OBJECT CODE     LINE SOURCE TEXT
  VALUE

005B   00A6           00135         MOVWF   CONT
005C                  00136 TA3S
005C   3081           00137         MOVLW   D'129'
005D   00A7           00138         MOVWF   CONT2
005E                  00139 TB3S
005E   301E           00140         MOVLW   D'30'
005F   00A8           00141         MOVWF   CONT3
0060                  00142 TC3S
Message[305]: Using default destination of 1 (file).
0060   0BA8           00143         DECFSZ  CONT3
0061   2???           00144         GOTO    TC3S
Message[305]: Using default destination of 1 (file).
0062   0BA7           00145         DECFSZ  CONT2
0063   2???           00146         GOTO    TB3S
Message[305]: Using default destination of 1 (file).
0064   0BA6           00147         DECFSZ  CONT
0065   2???           00148         GOTO    TA3S
0066   0008           00149         RETURN
                      00150         
0067                  00151 MODODEOPERACION
0067   3004           00152         MOVLW   B'00000100'
0068   0087           00153         MOVWF   PORTC
0069   3006           00154         MOVLW   B'00000110'
006A   0088           00155         MOVWF   PORTD
006B   3000           00156         MOVLW   B'00000000'
006C   0087           00157         MOVWF   PORTC
006D   0008           00158         RETURN
                      00159         
006E                  00160 ENCENDERLCD
006E   3004           00161         MOVLW   B'00000100'
006F   0087           00162         MOVWF   PORTC
0070   300C           00163         MOVLW   B'00001100'
0071   0088           00164         MOVWF   PORTD
0072   3000           00165         MOVLW   B'00000000'
0073   0087           00166         MOVWF   PORTC
0074   0008           00167         RETURN
0075                  00168 BORRARLCD
0075   3004           00169         MOVLW   B'00000100'
0076   0087           00170         MOVWF   PORTC
0077   3001           00171         MOVLW   D'1'
0078   0088           00172         MOVWF   PORTD
0079   3000           00173         MOVLW   B'00000000'
007A   0087           00174         MOVWF   PORTC
007B   0008           00175         RETURN
007C                  00176 CURSORACASA
007C   3004           00177         MOVLW   B'00000100'
007D   0087           00178         MOVWF   PORTC
007E   3002           00179         MOVLW   B'00000010'
007F   0088           00180         MOVWF   PORTD
0080   3000           00181         MOVLW   B'00000000'
0081   0087           00182         MOVWF   PORTC
0082   0008           00183         RETURN
                      00184 
MPASM 5.71  /USERS/PEDROAM/DOCUMENTS/MICROCO   5-16-2017  9:44:32         PAGE  5


LOC  OBJECT CODE     LINE SOURCE TEXT
  VALUE

0083                  00185 STARTWRITE
0083   3006           00186         MOVLW   B'00000110'
0084   0087           00187         MOVWF   PORTC
0085   0008           00188         RETURN
                      00189         
                      00190         
28E4 3EFF             00191     END
MPASM 5.71  /USERS/PEDROAM/DOCUMENTS/MICROCO   5-16-2017  9:44:32         PAGE  6


SYMBOL TABLE
  LABEL                             VALUE 

ABDEN                             00000000
ABDOVF                            00000007
ACKDT                             00000005
ACKEN                             00000004
ACKSTAT                           00000006
ADCON0                            0000001F
ADCON1                            0000009F
ADCS0                             00000006
ADCS1                             00000007
ADDEN                             00000003
ADFM                              00000007
ADIE                              00000006
ADIF                              00000006
ADON                              00000000
ADRESH                            0000001E
ADRESL                            0000009E
ANS0                              00000000
ANS1                              00000001
ANS10                             00000002
ANS11                             00000003
ANS12                             00000004
ANS13                             00000005
ANS2                              00000002
ANS3                              00000003
ANS4                              00000004
ANS5                              00000005
ANS6                              00000006
ANS7                              00000007
ANS8                              00000000
ANS9                              00000001
ANSEL                             00000188
ANSELH                            00000189
BAUDCTL                           00000187
BCLIE                             00000003
BCLIF                             00000003
BF                                00000000
BORRA                             0000000C
BORRARLCD                         00000075
BRG0                              00000000
BRG1                              00000001
BRG10                             00000002
BRG11                             00000003
BRG12                             00000004
BRG13                             00000005
BRG14                             00000006
BRG15                             00000007
BRG16                             00000003
BRG2                              00000002
BRG3                              00000003
BRG4                              00000004
BRG5                              00000005
BRG6                              00000006
BRG7                              00000007
MPASM 5.71  /USERS/PEDROAM/DOCUMENTS/MICROCO   5-16-2017  9:44:32         PAGE  7


SYMBOL TABLE
  LABEL                             VALUE 

BRG8                              00000000
BRG9                              00000001
BRGH                              00000002
C                                 00000000
C1CH0                             00000000
C1CH1                             00000001
C1IE                              00000005
C1IF                              00000005
C1OE                              00000005
C1ON                              00000007
C1OUT                             00000006
C1POL                             00000004
C1R                               00000002
C1RSEL                            00000005
C1SEN                             00000005
C2CH0                             00000000
C2CH1                             00000001
C2IE                              00000006
C2IF                              00000006
C2OE                              00000005
C2ON                              00000007
C2OUT                             00000006
C2POL                             00000004
C2R                               00000002
C2REN                             00000004
C2RSEL                            00000004
C2SYNC                            00000000
CCP1CON                           00000017
CCP1IE                            00000002
CCP1IF                            00000002
CCP1M0                            00000000
CCP1M1                            00000001
CCP1M2                            00000002
CCP1M3                            00000003
CCP1X                             00000005
CCP1Y                             00000004
CCP2CON                           0000001D
CCP2IE                            00000000
CCP2IF                            00000000
CCP2M0                            00000000
CCP2M1                            00000001
CCP2M2                            00000002
CCP2M3                            00000003
CCP2X                             00000005
CCP2Y                             00000004
CCPR1                             00000015
CCPR1H                            00000016
CCPR1L                            00000015
CCPR2                             0000001B
CCPR2H                            0000001C
CCPR2L                            0000001B
CEROP                             00000022
CHS0                              00000002
MPASM 5.71  /USERS/PEDROAM/DOCUMENTS/MICROCO   5-16-2017  9:44:32         PAGE  8


SYMBOL TABLE
  LABEL                             VALUE 

CHS1                              00000003
CHS2                              00000004
CHS3                              00000005
CKE                               00000006
CKP                               00000004
CM1CON0                           00000107
CM2CON0                           00000108
CM2CON1                           00000109
COLUM                             00000020
CONT                              00000026
CONT2                             00000027
CONT3                             00000028
CONTC                             00000023
CONTMOS                           00000024
CREN                              00000004
CSRC                              00000007
CURSORACASA                       0000007C
D                                 00000005
DATA_ADDRESS                      00000005
DC                                00000001
DC1B0                             00000004
DC1B1                             00000005
DC2B0                             00000004
DC2B1                             00000005
D_A                               00000005
D_NOT_A                           00000005
ECCPAS                            0000009C
ECCPAS0                           00000004
ECCPAS1                           00000005
ECCPAS2                           00000006
ECCPASE                           00000007
EEADR                             0000010D
EEADRH                            0000010F
EECON1                            0000018C
EECON2                            0000018D
EEDAT                             0000010C
EEDATA                            0000010C
EEDATH                            0000010E
EEIE                              00000004
EEIF                              00000004
EEPGD                             00000007
ELIMINADOR21MS                    00000036
ENCENDERLCD                       0000006E
F                                 00000001
FERR                              00000002
FSR                               00000004
FVREN                             00000000
GCEN                              00000007
GIE                               00000007
GO                                00000001
GO_DONE                           00000001
GO_NOT_DONE                       00000001
HTS                               00000002
MPASM 5.71  /USERS/PEDROAM/DOCUMENTS/MICROCO   5-16-2017  9:44:32         PAGE  9


SYMBOL TABLE
  LABEL                             VALUE 

I2C_DATA                          00000005
I2C_READ                          00000002
I2C_START                         00000003
I2C_STOP                          00000004
INDF                              00000000
INICIO                            00000000
INTCON                            0000000B
INTE                              00000004
INTEDG                            00000006
INTF                              00000001
IOCB                              00000096
IOCB0                             00000000
IOCB1                             00000001
IOCB2                             00000002
IOCB3                             00000003
IOCB4                             00000004
IOCB5                             00000005
IOCB6                             00000006
IOCB7                             00000007
IRCF0                             00000004
IRCF1                             00000005
IRCF2                             00000006
IRP                               00000007
JUSTC                             00000025
LCDSTART                          00000008
LCDWRITE                          0000000E
LTS                               00000001
MC1OUT                            00000007
MC2OUT                            00000006
MODODEOPERACION                   00000067
MSK                               00000093
MSK0                              00000000
MSK1                              00000001
MSK2                              00000002
MSK3                              00000003
MSK4                              00000004
MSK5                              00000005
MSK6                              00000006
MSK7                              00000007
NOT_A                             00000005
NOT_ADDRESS                       00000005
NOT_BO                            00000000
NOT_BOR                           00000000
NOT_DONE                          00000001
NOT_PD                            00000003
NOT_POR                           00000001
NOT_RBPU                          00000007
NOT_RC8                           00000006
NOT_T1SYNC                        00000002
NOT_TO                            00000004
NOT_TX8                           00000006
NOT_W                             00000002
NOT_WRITE                         00000002
MPASM 5.71  /USERS/PEDROAM/DOCUMENTS/MICROCO   5-16-2017  9:44:32         PAGE 10


SYMBOL TABLE
  LABEL                             VALUE 

OERR                              00000001
OPTION_REG                        00000081
OSCCON                            0000008F
OSCTUNE                           00000090
OSFIE                             00000007
OSFIF                             00000007
OSTS                              00000003
P                                 00000004
P1M0                              00000006
P1M1                              00000007
PCL                               00000002
PCLATH                            0000000A
PCON                              0000008E
PDC0                              00000000
PDC1                              00000001
PDC2                              00000002
PDC3                              00000003
PDC4                              00000004
PDC5                              00000005
PDC6                              00000006
PEIE                              00000006
PEN                               00000002
PIE1                              0000008C
PIE2                              0000008D
PIR1                              0000000C
PIR2                              0000000D
PORTA                             00000005
PORTB                             00000006
PORTC                             00000007
PORTD                             00000008
PORTE                             00000009
PR2                               00000092
PRSEN                             00000007
PS0                               00000000
PS1                               00000001
PS2                               00000002
PSA                               00000003
PSSAC0                            00000002
PSSAC1                            00000003
PSSBD0                            00000000
PSSBD1                            00000001
PSTRCON                           0000009D
PULSR                             00000002
PULSS                             00000003
PWM1CON                           0000009B
R                                 00000002
RA0                               00000000
RA1                               00000001
RA2                               00000002
RA3                               00000003
RA4                               00000004
RA5                               00000005
RA6                               00000006
MPASM 5.71  /USERS/PEDROAM/DOCUMENTS/MICROCO   5-16-2017  9:44:32         PAGE 11


SYMBOL TABLE
  LABEL                             VALUE 

RA7                               00000007
RB0                               00000000
RB1                               00000001
RB2                               00000002
RB3                               00000003
RB4                               00000004
RB5                               00000005
RB6                               00000006
RB7                               00000007
RBIE                              00000003
RBIF                              00000000
RC0                               00000000
RC1                               00000001
RC2                               00000002
RC3                               00000003
RC4                               00000004
RC5                               00000005
RC6                               00000006
RC7                               00000007
RC8_9                             00000006
RC9                               00000006
RCD8                              00000000
RCEN                              00000003
RCIDL                             00000006
RCIE                              00000005
RCIF                              00000005
RCREG                             0000001A
RCSTA                             00000018
RD                                00000000
RD0                               00000000
RD1                               00000001
RD2                               00000002
RD3                               00000003
RD4                               00000004
RD5                               00000005
RD6                               00000006
RD7                               00000007
RE0                               00000000
RE1                               00000001
RE2                               00000002
RE3                               00000003
READ_WRITE                        00000002
ROW                               00000021
RP0                               00000005
RP1                               00000006
RSEN                              00000001
RX9                               00000006
RX9D                              00000000
R_NOT_W                           00000002
R_W                               00000002
S                                 00000003
SBOREN                            00000004
SCKP                              00000004
MPASM 5.71  /USERS/PEDROAM/DOCUMENTS/MICROCO   5-16-2017  9:44:32         PAGE 12


SYMBOL TABLE
  LABEL                             VALUE 

SCS                               00000000
SEN                               00000000
SENDB                             00000003
SMP                               00000007
SPBRG                             00000099
SPBRGH                            0000009A
SPEN                              00000007
SR0                               00000006
SR1                               00000007
SRCON                             00000185
SREN                              00000005
SSPADD                            00000093
SSPBUF                            00000013
SSPCON                            00000014
SSPCON2                           00000091
SSPEN                             00000005
SSPIE                             00000003
SSPIF                             00000003
SSPM0                             00000000
SSPM1                             00000001
SSPM2                             00000002
SSPM3                             00000003
SSPMSK                            00000093
SSPOV                             00000006
SSPSTAT                           00000094
STARTWRITE                        00000083
STATUS                            00000003
STRA                              00000000
STRB                              00000001
STRC                              00000002
STRD                              00000003
STRSYNC                           00000004
SWDTEN                            00000000
SYNC                              00000004
T0CS                              00000005
T0IE                              00000005
T0IF                              00000002
T0SE                              00000004
T1CKPS0                           00000004
T1CKPS1                           00000005
T1CON                             00000010
T1GINV                            00000007
T1GIV                             00000007
T1GSS                             00000001
T1INSYNC                          00000002
T1OSCEN                           00000003
T1SYNC                            00000002
T2CKPS0                           00000000
T2CKPS1                           00000001
T2CON                             00000012
T3SECS                            0000005A
TA                                00000038
TA15                              00000053
MPASM 5.71  /USERS/PEDROAM/DOCUMENTS/MICROCO   5-16-2017  9:44:32         PAGE 13


SYMBOL TABLE
  LABEL                             VALUE 

TA30                              00000041
TA39                              0000004A
TA3S                              0000005C
TB3S                              0000005E
TC                                0000003A
TC15                              00000055
TC30                              00000043
TC39                              0000004C
TC3S                              00000060
TIEMPO1_52MS                      00000051
TIEMPO30MS                        0000003F
TIEMPO39uS                        00000048
TMR0                              00000001
TMR0IE                            00000005
TMR0IF                            00000002
TMR1                              0000000E
TMR1CS                            00000001
TMR1GE                            00000006
TMR1H                             0000000F
TMR1IE                            00000000
TMR1IF                            00000000
TMR1L                             0000000E
TMR1ON                            00000000
TMR2                              00000011
TMR2IE                            00000001
TMR2IF                            00000001
TMR2ON                            00000002
TOUTPS0                           00000003
TOUTPS1                           00000004
TOUTPS2                           00000005
TOUTPS3                           00000006
TRISA                             00000085
TRISA0                            00000000
TRISA1                            00000001
TRISA2                            00000002
TRISA3                            00000003
TRISA4                            00000004
TRISA5                            00000005
TRISA6                            00000006
TRISA7                            00000007
TRISB                             00000086
TRISB0                            00000000
TRISB1                            00000001
TRISB2                            00000002
TRISB3                            00000003
TRISB4                            00000004
TRISB5                            00000005
TRISB6                            00000006
TRISB7                            00000007
TRISC                             00000087
TRISC0                            00000000
TRISC1                            00000001
TRISC2                            00000002
MPASM 5.71  /USERS/PEDROAM/DOCUMENTS/MICROCO   5-16-2017  9:44:32         PAGE 14


SYMBOL TABLE
  LABEL                             VALUE 

TRISC3                            00000003
TRISC4                            00000004
TRISC5                            00000005
TRISC6                            00000006
TRISC7                            00000007
TRISD                             00000088
TRISD0                            00000000
TRISD1                            00000001
TRISD2                            00000002
TRISD3                            00000003
TRISD4                            00000004
TRISD5                            00000005
TRISD6                            00000006
TRISD7                            00000007
TRISE                             00000089
TRISE0                            00000000
TRISE1                            00000001
TRISE2                            00000002
TRISE3                            00000003
TRMT                              00000001
TUN0                              00000000
TUN1                              00000001
TUN2                              00000002
TUN3                              00000003
TUN4                              00000004
TX8_9                             00000006
TX9                               00000006
TX9D                              00000000
TXD8                              00000000
TXEN                              00000005
TXIE                              00000004
TXIF                              00000004
TXREG                             00000019
TXSTA                             00000098
UA                                00000001
ULPWUE                            00000005
ULPWUIE                           00000002
ULPWUIF                           00000002
VCFG0                             00000004
VCFG1                             00000005
VR0                               00000000
VR1                               00000001
VR2                               00000002
VR3                               00000003
VRCON                             00000097
VREN                              00000007
VROE                              00000006
VRR                               00000005
VRSS                              00000004
W                                 00000000
WCOL                              00000007
WDTCON                            00000105
WDTPS0                            00000001
MPASM 5.71  /USERS/PEDROAM/DOCUMENTS/MICROCO   5-16-2017  9:44:32         PAGE 15


SYMBOL TABLE
  LABEL                             VALUE 

WDTPS1                            00000002
WDTPS2                            00000003
WDTPS3                            00000004
WPUB                              00000095
WPUB0                             00000000
WPUB1                             00000001
WPUB2                             00000002
WPUB3                             00000003
WPUB4                             00000004
WPUB5                             00000005
WPUB6                             00000006
WPUB7                             00000007
WR                                00000001
WREN                              00000002
WRERR                             00000003
WUE                               00000001
Z                                 00000002
_BOR21V                           00003EFF
_BOR40V                           00003FFF
_BOR4V_BOR21V                     00003EFF
_BOR4V_BOR40V                     00003FFF
_BOREN_NSLEEP                     00003EFF
_BOREN_OFF                        00003CFF
_BOREN_ON                         00003FFF
_BOREN_SBODEN                     00003DFF
_BOR_NSLEEP                       00003EFF
_BOR_OFF                          00003CFF
_BOR_ON                           00003FFF
_BOR_SBODEN                       00003DFF
_CONFIG1                          00002007
_CONFIG2                          00002008
_CPD_OFF                          00003FFF
_CPD_ON                           00003F7F
_CP_OFF                           00003FFF
_CP_ON                            00003FBF
_DEBUG_OFF                        00003FFF
_DEBUG_ON                         00001FFF
_DEVID1                           00002006
_EC_OSC                           00003FFB
_EXTRC                            00003FFF
_EXTRCIO                          00003FFE
_EXTRC_OSC_CLKOUT                 00003FFF
_EXTRC_OSC_NOCLKOUT               00003FFE
_FCMEN_OFF                        000037FF
_FCMEN_ON                         00003FFF
_FOSC_EC                          00003FFB
_FOSC_EXTRC_CLKOUT                00003FFF
_FOSC_EXTRC_NOCLKOUT              00003FFE
_FOSC_HS                          00003FFA
_FOSC_INTRC_CLKOUT                00003FFD
_FOSC_INTRC_NOCLKOUT              00003FFC
_FOSC_LP                          00003FF8
_FOSC_XT                          00003FF9
MPASM 5.71  /USERS/PEDROAM/DOCUMENTS/MICROCO   5-16-2017  9:44:32         PAGE 16


SYMBOL TABLE
  LABEL                             VALUE 

_HS_OSC                           00003FFA
_IDLOC0                           00002000
_IDLOC1                           00002001
_IDLOC2                           00002002
_IDLOC3                           00002003
_IESO_OFF                         00003BFF
_IESO_ON                          00003FFF
_INTOSC                           00003FFD
_INTOSCIO                         00003FFC
_INTRC_OSC_CLKOUT                 00003FFD
_INTRC_OSC_NOCLKOUT               00003FFC
_LP_OSC                           00003FF8
_LVP_OFF                          00002FFF
_LVP_ON                           00003FFF
_MCLRE_OFF                        00003FDF
_MCLRE_ON                         00003FFF
_PWRTE_OFF                        00003FFF
_PWRTE_ON                         00003FEF
_WDTE_OFF                         00003FF7
_WDTE_ON                          00003FFF
_WDT_OFF                          00003FF7
_WDT_ON                           00003FFF
_WRT_1FOURTH                      00003BFF
_WRT_256                          00003DFF
_WRT_HALF                         000039FF
_WRT_OFF                          00003FFF
_XT_OSC                           00003FF9
__16F887                          00000001
__DEBUG                           
__MPLAB_DEBUGGER_PICKIT2          1

Errors   :     0
Warnings :     1 reported,     0 suppressed
Messages :    16 reported,     0 suppressed

